<?xml version="1.0" encoding="UTF-8" standalone="no"?>
<!DOCTYPE log SYSTEM "logger.dtd">
<log>
<record>
  <date>2019-07-11T20:39:37</date>
  <millis>1562895577978</millis>
  <sequence>0</sequence>
  <level>START</level>
  <class>com.kms.katalon.core.logging.XmlKeywordLogger</class>
  <method>startSuite</method>
  <thread>1</thread>
  <message>Start Test Suite : Test Suites/SIGN_UP/Successful_registration</message>
  <nestedLevel>0</nestedLevel>
  <property name="name">Successful_registration</property>
  <property name="description"></property>
  <property name="id">Test Suites/SIGN_UP/Successful_registration</property>
</record>
<record>
  <date>2019-07-11T20:39:38</date>
  <millis>1562895578025</millis>
  <sequence>1</sequence>
  <level>RUN_DATA</level>
  <class>com.kms.katalon.core.logging.XmlKeywordLogger</class>
  <method>logMessage</method>
  <thread>1</thread>
  <message>hostName = QualtopGroup - DESKTOP-JOAKIH6</message>
  <nestedLevel>0</nestedLevel>
  <property name="hostName">QualtopGroup - DESKTOP-JOAKIH6</property>
</record>
<record>
  <date>2019-07-11T20:39:38</date>
  <millis>1562895578026</millis>
  <sequence>2</sequence>
  <level>RUN_DATA</level>
  <class>com.kms.katalon.core.logging.XmlKeywordLogger</class>
  <method>logMessage</method>
  <thread>1</thread>
  <message>os = Windows 10 64bit</message>
  <nestedLevel>0</nestedLevel>
  <property name="os">Windows 10 64bit</property>
</record>
<record>
  <date>2019-07-11T20:39:38</date>
  <millis>1562895578028</millis>
  <sequence>3</sequence>
  <level>RUN_DATA</level>
  <class>com.kms.katalon.core.logging.XmlKeywordLogger</class>
  <method>logMessage</method>
  <thread>1</thread>
  <message>hostAddress = 192.168.56.1</message>
  <nestedLevel>0</nestedLevel>
  <property name="hostAddress">192.168.56.1</property>
</record>
<record>
  <date>2019-07-11T20:39:38</date>
  <millis>1562895578040</millis>
  <sequence>4</sequence>
  <level>RUN_DATA</level>
  <class>com.kms.katalon.core.logging.XmlKeywordLogger</class>
  <method>logMessage</method>
  <thread>1</thread>
  <message>katalonVersion = 6.3.0.1</message>
  <nestedLevel>0</nestedLevel>
  <property name="katalonVersion">6.3.0.1</property>
</record>
<record>
  <date>2019-07-11T20:39:38</date>
  <millis>1562895578891</millis>
  <sequence>5</sequence>
  <level>START</level>
  <class>com.kms.katalon.core.logging.XmlKeywordLogger</class>
  <method>startTest</method>
  <thread>1</thread>
  <message>Start Test Case : Test Cases/SET_UP_BROWSER/launch_browser</message>
  <nestedLevel>1</nestedLevel>
  <property name="name">Test Cases/SET_UP_BROWSER/launch_browser</property>
  <property name="description"></property>
  <property name="id">Test Cases/SET_UP_BROWSER/launch_browser</property>
  <property name="source">C:\\Users\\QualtopGroup\\Katalon Studio\\QSSAT_Web_Liverpool\\Test Cases\\SET_UP_BROWSER\\launch_browser.tc</property>
  <property name="tag"></property>
  <property name="isOptional">false</property>
</record>
<record>
  <date>2019-07-11T20:39:40</date>
  <millis>1562895580255</millis>
  <sequence>7</sequence>
  <level>START</level>
  <class>com.kms.katalon.core.logging.XmlKeywordLogger</class>
  <method>startKeyword</method>
  <thread>1</thread>
  <message>Start action : openBrowser(BASE_URL)</message>
  <nestedLevel>1</nestedLevel>
  <property name="startLine">16</property>
  <property name="stepIndex">1</property>
</record>
<record>
  <date>2019-07-11T20:39:41</date>
  <millis>1562895581915</millis>
  <sequence>9</sequence>
  <level>INFO</level>
  <class>com.kms.katalon.core.logging.XmlKeywordLogger</class>
  <method>logMessage</method>
  <thread>1</thread>
  <message>Starting &amp;apos;Firefox&amp;apos; driver</message>
  <nestedLevel>1</nestedLevel>
</record>
<record>
  <date>2019-07-11T20:39:42</date>
  <millis>1562895582354</millis>
  <sequence>11</sequence>
  <level>INFO</level>
  <class>com.kms.katalon.core.logging.XmlKeywordLogger</class>
  <method>logMessage</method>
  <thread>1</thread>
  <message>Action delay is set to 0 seconds</message>
  <nestedLevel>1</nestedLevel>
</record>
<record>
  <date>2019-07-11T20:39:52</date>
  <millis>1562895592104</millis>
  <sequence>13</sequence>
  <level>RUN_DATA</level>
  <class>com.kms.katalon.core.logging.XmlKeywordLogger</class>
  <method>logMessage</method>
  <thread>1</thread>
  <message>sessionId = 666f1faf-6b1d-4d6a-976f-92e3c7ef3587</message>
  <nestedLevel>1</nestedLevel>
  <property name="sessionId">666f1faf-6b1d-4d6a-976f-92e3c7ef3587</property>
</record>
<record>
  <date>2019-07-11T20:39:52</date>
  <millis>1562895592135</millis>
  <sequence>14</sequence>
  <level>RUN_DATA</level>
  <class>com.kms.katalon.core.logging.XmlKeywordLogger</class>
  <method>logMessage</method>
  <thread>1</thread>
  <message>browser = Firefox 66.0</message>
  <nestedLevel>1</nestedLevel>
  <property name="browser">Firefox 66.0</property>
</record>
<record>
  <date>2019-07-11T20:39:52</date>
  <millis>1562895592137</millis>
  <sequence>15</sequence>
  <level>RUN_DATA</level>
  <class>com.kms.katalon.core.logging.XmlKeywordLogger</class>
  <method>logMessage</method>
  <thread>1</thread>
  <message>platform = Windows 10</message>
  <nestedLevel>1</nestedLevel>
  <property name="platform">Windows 10</property>
</record>
<record>
  <date>2019-07-11T20:39:52</date>
  <millis>1562895592139</millis>
  <sequence>16</sequence>
  <level>RUN_DATA</level>
  <class>com.kms.katalon.core.logging.XmlKeywordLogger</class>
  <method>logMessage</method>
  <thread>1</thread>
  <message>seleniumVersion = 3.141.59</message>
  <nestedLevel>1</nestedLevel>
  <property name="seleniumVersion">3.141.59</property>
</record>
<record>
  <date>2019-07-11T20:39:52</date>
  <millis>1562895592142</millis>
  <sequence>17</sequence>
  <level>RUN_DATA</level>
  <class>com.kms.katalon.core.logging.XmlKeywordLogger</class>
  <method>logMessage</method>
  <thread>1</thread>
  <message>proxyInformation = ProxyInformation{proxyOption=NO_PROXY, proxyServerType=HTTP, password=, proxyServerAddress=, proxyServerPort=0}</message>
  <nestedLevel>1</nestedLevel>
  <property name="proxyInformation">ProxyInformation{proxyOption=NO_PROXY, proxyServerType=HTTP, password=, proxyServerAddress=, proxyServerPort=0}</property>
</record>
<record>
  <date>2019-07-11T20:39:58</date>
  <millis>1562895598021</millis>
  <sequence>19</sequence>
  <level>PASSED</level>
  <class>com.kms.katalon.core.logging.XmlKeywordLogger</class>
  <method>logMessage</method>
  <thread>1</thread>
  <message>Browser is opened with url: &amp;apos;https://www.liverpool.com.mx/tienda/home.jsp&amp;apos;</message>
  <nestedLevel>1</nestedLevel>
</record>
<record>
  <date>2019-07-11T20:39:58</date>
  <millis>1562895598023</millis>
  <sequence>20</sequence>
  <level>END</level>
  <class>com.kms.katalon.core.logging.XmlKeywordLogger</class>
  <method>endKeyword</method>
  <thread>1</thread>
  <message>End action : openBrowser(BASE_URL)</message>
  <nestedLevel>1</nestedLevel>
</record>
<record>
  <date>2019-07-11T20:39:58</date>
  <millis>1562895598025</millis>
  <sequence>21</sequence>
  <level>START</level>
  <class>com.kms.katalon.core.logging.XmlKeywordLogger</class>
  <method>startKeyword</method>
  <thread>1</thread>
  <message>Start action : maximizeWindow()</message>
  <nestedLevel>1</nestedLevel>
  <property name="startLine">18</property>
  <property name="stepIndex">2</property>
</record>
<record>
  <date>2019-07-11T20:39:58</date>
  <millis>1562895598355</millis>
  <sequence>23</sequence>
  <level>PASSED</level>
  <class>com.kms.katalon.core.logging.XmlKeywordLogger</class>
  <method>logMessage</method>
  <thread>1</thread>
  <message>Current window maximized</message>
  <nestedLevel>1</nestedLevel>
</record>
<record>
  <date>2019-07-11T20:39:58</date>
  <millis>1562895598357</millis>
  <sequence>24</sequence>
  <level>END</level>
  <class>com.kms.katalon.core.logging.XmlKeywordLogger</class>
  <method>endKeyword</method>
  <thread>1</thread>
  <message>End action : maximizeWindow()</message>
  <nestedLevel>1</nestedLevel>
</record>
<record>
  <date>2019-07-11T20:39:58</date>
  <millis>1562895598357</millis>
  <sequence>25</sequence>
  <level>PASSED</level>
  <class>com.kms.katalon.core.logging.XmlKeywordLogger</class>
  <method>logMessage</method>
  <thread>1</thread>
  <message>Test Cases/SET_UP_BROWSER/launch_browser</message>
  <nestedLevel>1</nestedLevel>
</record>
<record>
  <date>2019-07-11T20:39:58</date>
  <millis>1562895598357</millis>
  <sequence>26</sequence>
  <level>END</level>
  <class>com.kms.katalon.core.logging.XmlKeywordLogger</class>
  <method>endTest</method>
  <thread>1</thread>
  <message>End Test Case : Test Cases/SET_UP_BROWSER/launch_browser</message>
  <nestedLevel>0</nestedLevel>
</record>
<record>
  <date>2019-07-11T20:39:58</date>
  <millis>1562895598372</millis>
  <sequence>27</sequence>
  <level>START</level>
  <class>com.kms.katalon.core.logging.XmlKeywordLogger</class>
  <method>startTest</method>
  <thread>1</thread>
  <message>Start Test Case : Test Cases/LOG_IN/access_log_in</message>
  <nestedLevel>1</nestedLevel>
  <property name="name">Test Cases/LOG_IN/access_log_in</property>
  <property name="description"></property>
  <property name="id">Test Cases/LOG_IN/access_log_in</property>
  <property name="source">C:\\Users\\QualtopGroup\\Katalon Studio\\QSSAT_Web_Liverpool\\Test Cases\\LOG_IN\\access_log_in.tc</property>
  <property name="tag"></property>
  <property name="isOptional">false</property>
</record>
<record>
  <date>2019-07-11T20:39:59</date>
  <millis>1562895599284</millis>
  <sequence>29</sequence>
  <level>START</level>
  <class>com.kms.katalon.core.logging.XmlKeywordLogger</class>
  <method>startKeyword</method>
  <thread>1</thread>
  <message>Start action : click(findTestObject(\&amp;quot;HOME_PAGE/Header/button_login\&amp;quot;))</message>
  <nestedLevel>1</nestedLevel>
  <property name="startLine">16</property>
  <property name="stepIndex">1</property>
</record>
<record>
  <date>2019-07-11T20:39:59</date>
  <millis>1562895599952</millis>
  <sequence>36</sequence>
  <level>PASSED</level>
  <class>com.kms.katalon.core.logging.XmlKeywordLogger</class>
  <method>logMessage</method>
  <thread>1</thread>
  <message>Object: &amp;apos;Object Repository/HOME_PAGE/Header/button_login&amp;apos; is clicked on</message>
  <nestedLevel>1</nestedLevel>
</record>
<record>
  <date>2019-07-11T20:39:59</date>
  <millis>1562895599953</millis>
  <sequence>37</sequence>
  <level>END</level>
  <class>com.kms.katalon.core.logging.XmlKeywordLogger</class>
  <method>endKeyword</method>
  <thread>1</thread>
  <message>End action : click(findTestObject(\&amp;quot;HOME_PAGE/Header/button_login\&amp;quot;))</message>
  <nestedLevel>1</nestedLevel>
</record>
<record>
  <date>2019-07-11T20:39:59</date>
  <millis>1562895599954</millis>
  <sequence>38</sequence>
  <level>START</level>
  <class>com.kms.katalon.core.logging.XmlKeywordLogger</class>
  <method>startKeyword</method>
  <thread>1</thread>
  <message>Start action : waitForElementVisible(findTestObject(\&amp;quot;LOG_IN/iframe_log-in\&amp;quot;), 3)</message>
  <nestedLevel>1</nestedLevel>
  <property name="startLine">18</property>
  <property name="stepIndex">2</property>
</record>
<record>
  <date>2019-07-11T20:40:00</date>
  <millis>1562895600366</millis>
  <sequence>45</sequence>
  <level>PASSED</level>
  <class>com.kms.katalon.core.logging.XmlKeywordLogger</class>
  <method>logMessage</method>
  <thread>1</thread>
  <message>Object &amp;apos;Object Repository/LOG_IN/iframe_log-in&amp;apos; is visible</message>
  <nestedLevel>1</nestedLevel>
</record>
<record>
  <date>2019-07-11T20:40:00</date>
  <millis>1562895600369</millis>
  <sequence>46</sequence>
  <level>END</level>
  <class>com.kms.katalon.core.logging.XmlKeywordLogger</class>
  <method>endKeyword</method>
  <thread>1</thread>
  <message>End action : waitForElementVisible(findTestObject(\&amp;quot;LOG_IN/iframe_log-in\&amp;quot;), 3)</message>
  <nestedLevel>1</nestedLevel>
</record>
<record>
  <date>2019-07-11T20:40:00</date>
  <millis>1562895600369</millis>
  <sequence>47</sequence>
  <level>PASSED</level>
  <class>com.kms.katalon.core.logging.XmlKeywordLogger</class>
  <method>logMessage</method>
  <thread>1</thread>
  <message>Test Cases/LOG_IN/access_log_in</message>
  <nestedLevel>1</nestedLevel>
</record>
<record>
  <date>2019-07-11T20:40:00</date>
  <millis>1562895600371</millis>
  <sequence>48</sequence>
  <level>END</level>
  <class>com.kms.katalon.core.logging.XmlKeywordLogger</class>
  <method>endTest</method>
  <thread>1</thread>
  <message>End Test Case : Test Cases/LOG_IN/access_log_in</message>
  <nestedLevel>0</nestedLevel>
</record>
<record>
  <date>2019-07-11T20:40:00</date>
  <millis>1562895600379</millis>
  <sequence>49</sequence>
  <level>START</level>
  <class>com.kms.katalon.core.logging.XmlKeywordLogger</class>
  <method>startTest</method>
  <thread>1</thread>
  <message>Start Test Case : Test Cases/SIGN_UP/access_sign_up</message>
  <nestedLevel>1</nestedLevel>
  <property name="name">Test Cases/SIGN_UP/access_sign_up</property>
  <property name="description"></property>
  <property name="id">Test Cases/SIGN_UP/access_sign_up</property>
  <property name="source">C:\\Users\\QualtopGroup\\Katalon Studio\\QSSAT_Web_Liverpool\\Test Cases\\SIGN_UP\\access_sign_up.tc</property>
  <property name="tag"></property>
  <property name="isOptional">false</property>
</record>
<record>
  <date>2019-07-11T20:40:01</date>
  <millis>1562895601706</millis>
  <sequence>51</sequence>
  <level>START</level>
  <class>com.kms.katalon.core.logging.XmlKeywordLogger</class>
  <method>startKeyword</method>
  <thread>1</thread>
  <message>Start action : click(findTestObject(\&amp;quot;LOG_IN/button_sign-up\&amp;quot;))</message>
  <nestedLevel>1</nestedLevel>
  <property name="startLine">16</property>
  <property name="stepIndex">1</property>
</record>
<record>
  <date>2019-07-11T20:40:02</date>
  <millis>1562895602892</millis>
  <sequence>65</sequence>
  <level>PASSED</level>
  <class>com.kms.katalon.core.logging.XmlKeywordLogger</class>
  <method>logMessage</method>
  <thread>1</thread>
  <message>Object: &amp;apos;Object Repository/LOG_IN/button_sign-up&amp;apos; is clicked on</message>
  <nestedLevel>1</nestedLevel>
</record>
<record>
  <date>2019-07-11T20:40:02</date>
  <millis>1562895602948</millis>
  <sequence>67</sequence>
  <level>END</level>
  <class>com.kms.katalon.core.logging.XmlKeywordLogger</class>
  <method>endKeyword</method>
  <thread>1</thread>
  <message>End action : click(findTestObject(\&amp;quot;LOG_IN/button_sign-up\&amp;quot;))</message>
  <nestedLevel>1</nestedLevel>
</record>
<record>
  <date>2019-07-11T20:40:02</date>
  <millis>1562895602949</millis>
  <sequence>68</sequence>
  <level>START</level>
  <class>com.kms.katalon.core.logging.XmlKeywordLogger</class>
  <method>startKeyword</method>
  <thread>1</thread>
  <message>Start action : verifyElementVisible(findTestObject(\&amp;quot;GLOBAL/title_h1\&amp;quot;, [\&amp;quot;txtTitle\&amp;quot;:\&amp;quot;Beneficios de Registrarse\&amp;quot;]))</message>
  <nestedLevel>1</nestedLevel>
  <property name="startLine">18</property>
  <property name="stepIndex">2</property>
</record>
<record>
  <date>2019-07-11T20:40:03</date>
  <millis>1562895603488</millis>
  <sequence>74</sequence>
  <level>PASSED</level>
  <class>com.kms.katalon.core.logging.XmlKeywordLogger</class>
  <method>logMessage</method>
  <thread>1</thread>
  <message>Object &amp;apos;Object Repository/GLOBAL/title_h1&amp;apos; is visible</message>
  <nestedLevel>1</nestedLevel>
</record>
<record>
  <date>2019-07-11T20:40:03</date>
  <millis>1562895603489</millis>
  <sequence>75</sequence>
  <level>END</level>
  <class>com.kms.katalon.core.logging.XmlKeywordLogger</class>
  <method>endKeyword</method>
  <thread>1</thread>
  <message>End action : verifyElementVisible(findTestObject(\&amp;quot;GLOBAL/title_h1\&amp;quot;, [\&amp;quot;txtTitle\&amp;quot;:\&amp;quot;Beneficios de Registrarse\&amp;quot;]))</message>
  <nestedLevel>1</nestedLevel>
</record>
<record>
  <date>2019-07-11T20:40:03</date>
  <millis>1562895603489</millis>
  <sequence>76</sequence>
  <level>PASSED</level>
  <class>com.kms.katalon.core.logging.XmlKeywordLogger</class>
  <method>logMessage</method>
  <thread>1</thread>
  <message>Test Cases/SIGN_UP/access_sign_up</message>
  <nestedLevel>1</nestedLevel>
</record>
<record>
  <date>2019-07-11T20:40:03</date>
  <millis>1562895603489</millis>
  <sequence>77</sequence>
  <level>END</level>
  <class>com.kms.katalon.core.logging.XmlKeywordLogger</class>
  <method>endTest</method>
  <thread>1</thread>
  <message>End Test Case : Test Cases/SIGN_UP/access_sign_up</message>
  <nestedLevel>0</nestedLevel>
</record>
<record>
  <date>2019-07-11T20:40:03</date>
  <millis>1562895603496</millis>
  <sequence>78</sequence>
  <level>START</level>
  <class>com.kms.katalon.core.logging.XmlKeywordLogger</class>
  <method>startTest</method>
  <thread>1</thread>
  <message>Start Test Case : Test Cases/SIGN_UP/registered_user</message>
  <nestedLevel>1</nestedLevel>
  <property name="name">Test Cases/SIGN_UP/registered_user</property>
  <property name="description"></property>
  <property name="id">Test Cases/SIGN_UP/registered_user</property>
  <property name="source">C:\\Users\\QualtopGroup\\Katalon Studio\\QSSAT_Web_Liverpool\\Test Cases\\SIGN_UP\\registered_user.tc</property>
  <property name="tag"></property>
  <property name="isOptional">false</property>
</record>
<record>
  <date>2019-07-11T20:40:03</date>
  <millis>1562895603548</millis>
  <sequence>80</sequence>
  <level>INFO</level>
  <class>com.kms.katalon.core.logging.XmlKeywordLogger</class>
  <method>logMessage</method>
  <thread>1</thread>
  <message>(Default) requiredFields = [Introduce tu correo electr\u00F3nico, Introduce tu contrase\u00F1a, Introduce tu nombre, Por favor introduzca el apellido paterno, Introduce tu Apellido Materno., El dia es requerido, El a\u00F1o es requerido, El mes es requerido, Por favor selecciona el Sexo.]</message>
  <nestedLevel>1</nestedLevel>
</record>
<record>
  <date>2019-07-11T20:40:03</date>
  <millis>1562895603640</millis>
  <sequence>81</sequence>
  <level>INFO</level>
  <class>com.kms.katalon.core.logging.XmlKeywordLogger</class>
  <method>logMessage</method>
  <thread>1</thread>
  <message>(Default) flagAlert = []</message>
  <nestedLevel>1</nestedLevel>
</record>
<record>
  <date>2019-07-11T20:40:03</date>
  <millis>1562895603692</millis>
  <sequence>82</sequence>
  <level>INFO</level>
  <class>com.kms.katalon.core.logging.XmlKeywordLogger</class>
  <method>logMessage</method>
  <thread>1</thread>
  <message>(Default) flagFail = false</message>
  <nestedLevel>1</nestedLevel>
</record>
<record>
  <date>2019-07-11T20:40:05</date>
  <millis>1562895605231</millis>
  <sequence>83</sequence>
  <level>START</level>
  <class>com.kms.katalon.core.logging.XmlKeywordLogger</class>
  <method>startKeyword</method>
  <thread>1</thread>
  <message>Start action : verifyElementClickable(findTestObject(\&amp;quot;SIGN_UP/button_accept\&amp;quot;))</message>
  <nestedLevel>1</nestedLevel>
  <property name="startLine">22</property>
  <property name="stepIndex">1</property>
</record>
<record>
  <date>2019-07-11T20:40:05</date>
  <millis>1562895605656</millis>
  <sequence>89</sequence>
  <level>PASSED</level>
  <class>com.kms.katalon.core.logging.XmlKeywordLogger</class>
  <method>logMessage</method>
  <thread>1</thread>
  <message>Object &amp;apos;Object Repository/SIGN_UP/button_accept&amp;apos; is clickable</message>
  <nestedLevel>1</nestedLevel>
</record>
<record>
  <date>2019-07-11T20:40:05</date>
  <millis>1562895605657</millis>
  <sequence>90</sequence>
  <level>END</level>
  <class>com.kms.katalon.core.logging.XmlKeywordLogger</class>
  <method>endKeyword</method>
  <thread>1</thread>
  <message>End action : verifyElementClickable(findTestObject(\&amp;quot;SIGN_UP/button_accept\&amp;quot;))</message>
  <nestedLevel>1</nestedLevel>
</record>
<record>
  <date>2019-07-11T20:40:05</date>
  <millis>1562895605658</millis>
  <sequence>91</sequence>
  <level>START</level>
  <class>com.kms.katalon.core.logging.XmlKeywordLogger</class>
  <method>startKeyword</method>
  <thread>1</thread>
  <message>Start action : click(findTestObject(\&amp;quot;SIGN_UP/button_accept\&amp;quot;))</message>
  <nestedLevel>1</nestedLevel>
  <property name="startLine">41</property>
  <property name="stepIndex">2</property>
</record>
<record>
  <date>2019-07-11T20:40:06</date>
  <millis>1562895606323</millis>
  <sequence>98</sequence>
  <level>PASSED</level>
  <class>com.kms.katalon.core.logging.XmlKeywordLogger</class>
  <method>logMessage</method>
  <thread>1</thread>
  <message>Object: &amp;apos;Object Repository/SIGN_UP/button_accept&amp;apos; is clicked on</message>
  <nestedLevel>1</nestedLevel>
</record>
<record>
  <date>2019-07-11T20:40:06</date>
  <millis>1562895606324</millis>
  <sequence>99</sequence>
  <level>END</level>
  <class>com.kms.katalon.core.logging.XmlKeywordLogger</class>
  <method>endKeyword</method>
  <thread>1</thread>
  <message>End action : click(findTestObject(\&amp;quot;SIGN_UP/button_accept\&amp;quot;))</message>
  <nestedLevel>1</nestedLevel>
</record>
<record>
  <date>2019-07-11T20:40:06</date>
  <millis>1562895606325</millis>
  <sequence>100</sequence>
  <level>START</level>
  <class>com.kms.katalon.core.logging.XmlKeywordLogger</class>
  <method>startKeyword</method>
  <thread>1</thread>
  <message>Start action : for (def e : getWebDriver().findElements(By.xpath(\&amp;quot;//label[@class=\&amp;quot;error\&amp;quot;]\&amp;quot;)))</message>
  <nestedLevel>1</nestedLevel>
  <property name="startLine">45</property>
  <property name="stepIndex">3</property>
</record>
<record>
  <date>2019-07-11T20:40:27</date>
  <millis>1562895627732</millis>
  <sequence>101</sequence>
  <level>START</level>
  <class>com.kms.katalon.core.logging.XmlKeywordLogger</class>
  <method>startKeyword</method>
  <thread>1</thread>
  <message>Start action : flagAlert.add(e.getText())</message>
  <nestedLevel>2</nestedLevel>
  <property name="startLine">46</property>
  <property name="stepIndex">1</property>
</record>
<record>
  <date>2019-07-11T20:40:27</date>
  <millis>1562895627774</millis>
  <sequence>102</sequence>
  <level>END</level>
  <class>com.kms.katalon.core.logging.XmlKeywordLogger</class>
  <method>endKeyword</method>
  <thread>1</thread>
  <message>End action : flagAlert.add(e.getText())</message>
  <nestedLevel>2</nestedLevel>
</record>
<record>
  <date>2019-07-11T20:40:27</date>
  <millis>1562895627774</millis>
  <sequence>103</sequence>
  <level>START</level>
  <class>com.kms.katalon.core.logging.XmlKeywordLogger</class>
  <method>startKeyword</method>
  <thread>1</thread>
  <message>Start action : flagAlert.add(e.getText())</message>
  <nestedLevel>2</nestedLevel>
  <property name="startLine">46</property>
  <property name="stepIndex">1</property>
</record>
<record>
  <date>2019-07-11T20:40:27</date>
  <millis>1562895627789</millis>
  <sequence>104</sequence>
  <level>END</level>
  <class>com.kms.katalon.core.logging.XmlKeywordLogger</class>
  <method>endKeyword</method>
  <thread>1</thread>
  <message>End action : flagAlert.add(e.getText())</message>
  <nestedLevel>2</nestedLevel>
</record>
<record>
  <date>2019-07-11T20:40:27</date>
  <millis>1562895627789</millis>
  <sequence>105</sequence>
  <level>START</level>
  <class>com.kms.katalon.core.logging.XmlKeywordLogger</class>
  <method>startKeyword</method>
  <thread>1</thread>
  <message>Start action : flagAlert.add(e.getText())</message>
  <nestedLevel>2</nestedLevel>
  <property name="startLine">46</property>
  <property name="stepIndex">1</property>
</record>
<record>
  <date>2019-07-11T20:40:27</date>
  <millis>1562895627802</millis>
  <sequence>106</sequence>
  <level>END</level>
  <class>com.kms.katalon.core.logging.XmlKeywordLogger</class>
  <method>endKeyword</method>
  <thread>1</thread>
  <message>End action : flagAlert.add(e.getText())</message>
  <nestedLevel>2</nestedLevel>
</record>
<record>
  <date>2019-07-11T20:40:27</date>
  <millis>1562895627802</millis>
  <sequence>107</sequence>
  <level>START</level>
  <class>com.kms.katalon.core.logging.XmlKeywordLogger</class>
  <method>startKeyword</method>
  <thread>1</thread>
  <message>Start action : flagAlert.add(e.getText())</message>
  <nestedLevel>2</nestedLevel>
  <property name="startLine">46</property>
  <property name="stepIndex">1</property>
</record>
<record>
  <date>2019-07-11T20:40:27</date>
  <millis>1562895627812</millis>
  <sequence>108</sequence>
  <level>END</level>
  <class>com.kms.katalon.core.logging.XmlKeywordLogger</class>
  <method>endKeyword</method>
  <thread>1</thread>
  <message>End action : flagAlert.add(e.getText())</message>
  <nestedLevel>2</nestedLevel>
</record>
<record>
  <date>2019-07-11T20:40:27</date>
  <millis>1562895627813</millis>
  <sequence>109</sequence>
  <level>START</level>
  <class>com.kms.katalon.core.logging.XmlKeywordLogger</class>
  <method>startKeyword</method>
  <thread>1</thread>
  <message>Start action : flagAlert.add(e.getText())</message>
  <nestedLevel>2</nestedLevel>
  <property name="startLine">46</property>
  <property name="stepIndex">1</property>
</record>
<record>
  <date>2019-07-11T20:40:27</date>
  <millis>1562895627826</millis>
  <sequence>110</sequence>
  <level>END</level>
  <class>com.kms.katalon.core.logging.XmlKeywordLogger</class>
  <method>endKeyword</method>
  <thread>1</thread>
  <message>End action : flagAlert.add(e.getText())</message>
  <nestedLevel>2</nestedLevel>
</record>
<record>
  <date>2019-07-11T20:40:27</date>
  <millis>1562895627827</millis>
  <sequence>111</sequence>
  <level>START</level>
  <class>com.kms.katalon.core.logging.XmlKeywordLogger</class>
  <method>startKeyword</method>
  <thread>1</thread>
  <message>Start action : flagAlert.add(e.getText())</message>
  <nestedLevel>2</nestedLevel>
  <property name="startLine">46</property>
  <property name="stepIndex">1</property>
</record>
<record>
  <date>2019-07-11T20:40:27</date>
  <millis>1562895627846</millis>
  <sequence>112</sequence>
  <level>END</level>
  <class>com.kms.katalon.core.logging.XmlKeywordLogger</class>
  <method>endKeyword</method>
  <thread>1</thread>
  <message>End action : flagAlert.add(e.getText())</message>
  <nestedLevel>2</nestedLevel>
</record>
<record>
  <date>2019-07-11T20:40:27</date>
  <millis>1562895627847</millis>
  <sequence>113</sequence>
  <level>START</level>
  <class>com.kms.katalon.core.logging.XmlKeywordLogger</class>
  <method>startKeyword</method>
  <thread>1</thread>
  <message>Start action : flagAlert.add(e.getText())</message>
  <nestedLevel>2</nestedLevel>
  <property name="startLine">46</property>
  <property name="stepIndex">1</property>
</record>
<record>
  <date>2019-07-11T20:40:27</date>
  <millis>1562895627858</millis>
  <sequence>114</sequence>
  <level>END</level>
  <class>com.kms.katalon.core.logging.XmlKeywordLogger</class>
  <method>endKeyword</method>
  <thread>1</thread>
  <message>End action : flagAlert.add(e.getText())</message>
  <nestedLevel>2</nestedLevel>
</record>
<record>
  <date>2019-07-11T20:40:27</date>
  <millis>1562895627858</millis>
  <sequence>115</sequence>
  <level>END</level>
  <class>com.kms.katalon.core.logging.XmlKeywordLogger</class>
  <method>endKeyword</method>
  <thread>1</thread>
  <message>End action : for (def e : getWebDriver().findElements(By.xpath(\&amp;quot;//label[@class=\&amp;quot;error\&amp;quot;]\&amp;quot;)))</message>
  <nestedLevel>1</nestedLevel>
</record>
<record>
  <date>2019-07-11T20:40:27</date>
  <millis>1562895627859</millis>
  <sequence>116</sequence>
  <level>START</level>
  <class>com.kms.katalon.core.logging.XmlKeywordLogger</class>
  <method>startKeyword</method>
  <thread>1</thread>
  <message>Start action : for ([x = 0, x &amp;lt;= requiredFields.size() - 1, (x++)])</message>
  <nestedLevel>1</nestedLevel>
  <property name="startLine">49</property>
  <property name="stepIndex">4</property>
</record>
<record>
  <date>2019-07-11T20:40:50</date>
  <millis>1562895650547</millis>
  <sequence>117</sequence>
  <level>START</level>
  <class>com.kms.katalon.core.logging.XmlKeywordLogger</class>
  <method>startKeyword</method>
  <thread>1</thread>
  <message>Start action : contains = flagAlert.contains(requiredFields.get(x))</message>
  <nestedLevel>2</nestedLevel>
  <property name="startLine">51</property>
  <property name="stepIndex">1</property>
</record>
<record>
  <date>2019-07-11T20:40:53</date>
  <millis>1562895653211</millis>
  <sequence>118</sequence>
  <level>END</level>
  <class>com.kms.katalon.core.logging.XmlKeywordLogger</class>
  <method>endKeyword</method>
  <thread>1</thread>
  <message>End action : contains = flagAlert.contains(requiredFields.get(x))</message>
  <nestedLevel>2</nestedLevel>
</record>
<record>
  <date>2019-07-11T20:40:53</date>
  <millis>1562895653213</millis>
  <sequence>119</sequence>
  <level>START</level>
  <class>com.kms.katalon.core.logging.XmlKeywordLogger</class>
  <method>startKeyword</method>
  <thread>1</thread>
  <message>Start action : if (contains == false)</message>
  <nestedLevel>2</nestedLevel>
  <property name="startLine">53</property>
  <property name="stepIndex">2</property>
</record>
<record>
  <date>2019-07-11T20:41:08</date>
  <millis>1562895668777</millis>
  <sequence>120</sequence>
  <level>END</level>
  <class>com.kms.katalon.core.logging.XmlKeywordLogger</class>
  <method>endKeyword</method>
  <thread>1</thread>
  <message>End action : if (contains == false)</message>
  <nestedLevel>2</nestedLevel>
</record>
<record>
  <date>2019-07-11T20:41:08</date>
  <millis>1562895668781</millis>
  <sequence>121</sequence>
  <level>START</level>
  <class>com.kms.katalon.core.logging.XmlKeywordLogger</class>
  <method>startKeyword</method>
  <thread>1</thread>
  <message>Start action : contains = flagAlert.contains(requiredFields.get(x))</message>
  <nestedLevel>2</nestedLevel>
  <property name="startLine">51</property>
  <property name="stepIndex">1</property>
</record>
<record>
  <date>2019-07-11T20:41:11</date>
  <millis>1562895671829</millis>
  <sequence>122</sequence>
  <level>END</level>
  <class>com.kms.katalon.core.logging.XmlKeywordLogger</class>
  <method>endKeyword</method>
  <thread>1</thread>
  <message>End action : contains = flagAlert.contains(requiredFields.get(x))</message>
  <nestedLevel>2</nestedLevel>
</record>
<record>
  <date>2019-07-11T20:41:11</date>
  <millis>1562895671835</millis>
  <sequence>123</sequence>
  <level>START</level>
  <class>com.kms.katalon.core.logging.XmlKeywordLogger</class>
  <method>startKeyword</method>
  <thread>1</thread>
  <message>Start action : if (contains == false)</message>
  <nestedLevel>2</nestedLevel>
  <property name="startLine">53</property>
  <property name="stepIndex">2</property>
</record>
<record>
  <date>2019-07-11T20:41:21</date>
  <millis>1562895681113</millis>
  <sequence>124</sequence>
  <level>END</level>
  <class>com.kms.katalon.core.logging.XmlKeywordLogger</class>
  <method>endKeyword</method>
  <thread>1</thread>
  <message>End action : if (contains == false)</message>
  <nestedLevel>2</nestedLevel>
</record>
<record>
  <date>2019-07-11T20:41:21</date>
  <millis>1562895681116</millis>
  <sequence>125</sequence>
  <level>START</level>
  <class>com.kms.katalon.core.logging.XmlKeywordLogger</class>
  <method>startKeyword</method>
  <thread>1</thread>
  <message>Start action : contains = flagAlert.contains(requiredFields.get(x))</message>
  <nestedLevel>2</nestedLevel>
  <property name="startLine">51</property>
  <property name="stepIndex">1</property>
</record>
<record>
  <date>2019-07-11T20:41:23</date>
  <millis>1562895683239</millis>
  <sequence>126</sequence>
  <level>END</level>
  <class>com.kms.katalon.core.logging.XmlKeywordLogger</class>
  <method>endKeyword</method>
  <thread>1</thread>
  <message>End action : contains = flagAlert.contains(requiredFields.get(x))</message>
  <nestedLevel>2</nestedLevel>
</record>
<record>
  <date>2019-07-11T20:41:23</date>
  <millis>1562895683241</millis>
  <sequence>127</sequence>
  <level>START</level>
  <class>com.kms.katalon.core.logging.XmlKeywordLogger</class>
  <method>startKeyword</method>
  <thread>1</thread>
  <message>Start action : if (contains == false)</message>
  <nestedLevel>2</nestedLevel>
  <property name="startLine">53</property>
  <property name="stepIndex">2</property>
</record>
<record>
  <date>2019-07-11T20:41:33</date>
  <millis>1562895693137</millis>
  <sequence>128</sequence>
  <level>END</level>
  <class>com.kms.katalon.core.logging.XmlKeywordLogger</class>
  <method>endKeyword</method>
  <thread>1</thread>
  <message>End action : if (contains == false)</message>
  <nestedLevel>2</nestedLevel>
</record>
<record>
  <date>2019-07-11T20:41:33</date>
  <millis>1562895693139</millis>
  <sequence>129</sequence>
  <level>START</level>
  <class>com.kms.katalon.core.logging.XmlKeywordLogger</class>
  <method>startKeyword</method>
  <thread>1</thread>
  <message>Start action : contains = flagAlert.contains(requiredFields.get(x))</message>
  <nestedLevel>2</nestedLevel>
  <property name="startLine">51</property>
  <property name="stepIndex">1</property>
</record>
<record>
  <date>2019-07-11T20:41:35</date>
  <millis>1562895695136</millis>
  <sequence>130</sequence>
  <level>END</level>
  <class>com.kms.katalon.core.logging.XmlKeywordLogger</class>
  <method>endKeyword</method>
  <thread>1</thread>
  <message>End action : contains = flagAlert.contains(requiredFields.get(x))</message>
  <nestedLevel>2</nestedLevel>
</record>
<record>
  <date>2019-07-11T20:41:35</date>
  <millis>1562895695138</millis>
  <sequence>131</sequence>
  <level>START</level>
  <class>com.kms.katalon.core.logging.XmlKeywordLogger</class>
  <method>startKeyword</method>
  <thread>1</thread>
  <message>Start action : if (contains == false)</message>
  <nestedLevel>2</nestedLevel>
  <property name="startLine">53</property>
  <property name="stepIndex">2</property>
</record>
<record>
  <date>2019-07-11T20:41:43</date>
  <millis>1562895703496</millis>
  <sequence>132</sequence>
  <level>END</level>
  <class>com.kms.katalon.core.logging.XmlKeywordLogger</class>
  <method>endKeyword</method>
  <thread>1</thread>
  <message>End action : if (contains == false)</message>
  <nestedLevel>2</nestedLevel>
</record>
<record>
  <date>2019-07-11T20:41:43</date>
  <millis>1562895703502</millis>
  <sequence>133</sequence>
  <level>START</level>
  <class>com.kms.katalon.core.logging.XmlKeywordLogger</class>
  <method>startKeyword</method>
  <thread>1</thread>
  <message>Start action : contains = flagAlert.contains(requiredFields.get(x))</message>
  <nestedLevel>2</nestedLevel>
  <property name="startLine">51</property>
  <property name="stepIndex">1</property>
</record>
<record>
  <date>2019-07-11T20:41:45</date>
  <millis>1562895705628</millis>
  <sequence>134</sequence>
  <level>END</level>
  <class>com.kms.katalon.core.logging.XmlKeywordLogger</class>
  <method>endKeyword</method>
  <thread>1</thread>
  <message>End action : contains = flagAlert.contains(requiredFields.get(x))</message>
  <nestedLevel>2</nestedLevel>
</record>
<record>
  <date>2019-07-11T20:41:45</date>
  <millis>1562895705636</millis>
  <sequence>135</sequence>
  <level>START</level>
  <class>com.kms.katalon.core.logging.XmlKeywordLogger</class>
  <method>startKeyword</method>
  <thread>1</thread>
  <message>Start action : if (contains == false)</message>
  <nestedLevel>2</nestedLevel>
  <property name="startLine">53</property>
  <property name="stepIndex">2</property>
</record>
<record>
  <date>2019-07-11T20:42:00</date>
  <millis>1562895720763</millis>
  <sequence>136</sequence>
  <level>END</level>
  <class>com.kms.katalon.core.logging.XmlKeywordLogger</class>
  <method>endKeyword</method>
  <thread>1</thread>
  <message>End action : if (contains == false)</message>
  <nestedLevel>2</nestedLevel>
</record>
<record>
  <date>2019-07-11T20:42:00</date>
  <millis>1562895720765</millis>
  <sequence>137</sequence>
  <level>START</level>
  <class>com.kms.katalon.core.logging.XmlKeywordLogger</class>
  <method>startKeyword</method>
  <thread>1</thread>
  <message>Start action : contains = flagAlert.contains(requiredFields.get(x))</message>
  <nestedLevel>2</nestedLevel>
  <property name="startLine">51</property>
  <property name="stepIndex">1</property>
</record>
<record>
  <date>2019-07-11T20:42:06</date>
  <millis>1562895726205</millis>
  <sequence>138</sequence>
  <level>END</level>
  <class>com.kms.katalon.core.logging.XmlKeywordLogger</class>
  <method>endKeyword</method>
  <thread>1</thread>
  <message>End action : contains = flagAlert.contains(requiredFields.get(x))</message>
  <nestedLevel>2</nestedLevel>
</record>
<record>
  <date>2019-07-11T20:42:06</date>
  <millis>1562895726213</millis>
  <sequence>139</sequence>
  <level>START</level>
  <class>com.kms.katalon.core.logging.XmlKeywordLogger</class>
  <method>startKeyword</method>
  <thread>1</thread>
  <message>Start action : if (contains == false)</message>
  <nestedLevel>2</nestedLevel>
  <property name="startLine">53</property>
  <property name="stepIndex">2</property>
</record>
<record>
  <date>2019-07-11T20:42:14</date>
  <millis>1562895734261</millis>
  <sequence>140</sequence>
  <level>END</level>
  <class>com.kms.katalon.core.logging.XmlKeywordLogger</class>
  <method>endKeyword</method>
  <thread>1</thread>
  <message>End action : if (contains == false)</message>
  <nestedLevel>2</nestedLevel>
</record>
<record>
  <date>2019-07-11T20:42:14</date>
  <millis>1562895734263</millis>
  <sequence>141</sequence>
  <level>START</level>
  <class>com.kms.katalon.core.logging.XmlKeywordLogger</class>
  <method>startKeyword</method>
  <thread>1</thread>
  <message>Start action : contains = flagAlert.contains(requiredFields.get(x))</message>
  <nestedLevel>2</nestedLevel>
  <property name="startLine">51</property>
  <property name="stepIndex">1</property>
</record>
<record>
  <date>2019-07-11T20:42:21</date>
  <millis>1562895741472</millis>
  <sequence>142</sequence>
  <level>END</level>
  <class>com.kms.katalon.core.logging.XmlKeywordLogger</class>
  <method>endKeyword</method>
  <thread>1</thread>
  <message>End action : contains = flagAlert.contains(requiredFields.get(x))</message>
  <nestedLevel>2</nestedLevel>
</record>
<record>
  <date>2019-07-11T20:42:21</date>
  <millis>1562895741475</millis>
  <sequence>143</sequence>
  <level>START</level>
  <class>com.kms.katalon.core.logging.XmlKeywordLogger</class>
  <method>startKeyword</method>
  <thread>1</thread>
  <message>Start action : if (contains == false)</message>
  <nestedLevel>2</nestedLevel>
  <property name="startLine">53</property>
  <property name="stepIndex">2</property>
</record>
<record>
  <date>2019-07-11T20:42:28</date>
  <millis>1562895748083</millis>
  <sequence>144</sequence>
  <level>START</level>
  <class>com.kms.katalon.core.logging.XmlKeywordLogger</class>
  <method>startKeyword</method>
  <thread>1</thread>
  <message>Start action : logInfo(\&amp;quot;\n\n No se encontro: \&amp;quot; + get(x).toString())</message>
  <nestedLevel>3</nestedLevel>
  <property name="startLine">54</property>
  <property name="stepIndex">1</property>
</record>
<record>
  <date>2019-07-11T20:42:33</date>
  <millis>1562895753415</millis>
  <sequence>145</sequence>
  <level>INFO</level>
  <class>com.kms.katalon.core.logging.XmlKeywordLogger</class>
  <method>logMessage</method>
  <thread>1</thread>
  <message>\n\n No se encontro: El a\u00F1o es requerido</message>
  <nestedLevel>1</nestedLevel>
</record>
<record>
  <date>2019-07-11T20:42:33</date>
  <millis>1562895753421</millis>
  <sequence>146</sequence>
  <level>END</level>
  <class>com.kms.katalon.core.logging.XmlKeywordLogger</class>
  <method>endKeyword</method>
  <thread>1</thread>
  <message>End action : logInfo(\&amp;quot;\n\n No se encontro: \&amp;quot; + get(x).toString())</message>
  <nestedLevel>3</nestedLevel>
</record>
<record>
  <date>2019-07-11T20:42:33</date>
  <millis>1562895753426</millis>
  <sequence>147</sequence>
  <level>START</level>
  <class>com.kms.katalon.core.logging.XmlKeywordLogger</class>
  <method>startKeyword</method>
  <thread>1</thread>
  <message>Start action : flagFail = true</message>
  <nestedLevel>3</nestedLevel>
  <property name="startLine">55</property>
  <property name="stepIndex">2</property>
</record>
<record>
  <date>2019-07-11T20:42:44</date>
  <millis>1562895764813</millis>
  <sequence>148</sequence>
  <level>END</level>
  <class>com.kms.katalon.core.logging.XmlKeywordLogger</class>
  <method>endKeyword</method>
  <thread>1</thread>
  <message>End action : flagFail = true</message>
  <nestedLevel>3</nestedLevel>
</record>
<record>
  <date>2019-07-11T20:42:44</date>
  <millis>1562895764816</millis>
  <sequence>149</sequence>
  <level>END</level>
  <class>com.kms.katalon.core.logging.XmlKeywordLogger</class>
  <method>endKeyword</method>
  <thread>1</thread>
  <message>End action : if (contains == false)</message>
  <nestedLevel>2</nestedLevel>
</record>
<record>
  <date>2019-07-11T20:42:44</date>
  <millis>1562895764821</millis>
  <sequence>150</sequence>
  <level>START</level>
  <class>com.kms.katalon.core.logging.XmlKeywordLogger</class>
  <method>startKeyword</method>
  <thread>1</thread>
  <message>Start action : contains = flagAlert.contains(requiredFields.get(x))</message>
  <nestedLevel>2</nestedLevel>
  <property name="startLine">51</property>
  <property name="stepIndex">1</property>
</record>
<record>
  <date>2019-07-11T20:42:46</date>
  <millis>1562895766201</millis>
  <sequence>151</sequence>
  <level>END</level>
  <class>com.kms.katalon.core.logging.XmlKeywordLogger</class>
  <method>endKeyword</method>
  <thread>1</thread>
  <message>End action : contains = flagAlert.contains(requiredFields.get(x))</message>
  <nestedLevel>2</nestedLevel>
</record>
<record>
  <date>2019-07-11T20:42:46</date>
  <millis>1562895766204</millis>
  <sequence>152</sequence>
  <level>START</level>
  <class>com.kms.katalon.core.logging.XmlKeywordLogger</class>
  <method>startKeyword</method>
  <thread>1</thread>
  <message>Start action : if (contains == false)</message>
  <nestedLevel>2</nestedLevel>
  <property name="startLine">53</property>
  <property name="stepIndex">2</property>
</record>
<record>
  <date>2019-07-11T20:42:48</date>
  <millis>1562895768893</millis>
  <sequence>153</sequence>
  <level>START</level>
  <class>com.kms.katalon.core.logging.XmlKeywordLogger</class>
  <method>startKeyword</method>
  <thread>1</thread>
  <message>Start action : logInfo(\&amp;quot;\n\n No se encontro: \&amp;quot; + get(x).toString())</message>
  <nestedLevel>3</nestedLevel>
  <property name="startLine">54</property>
  <property name="stepIndex">1</property>
</record>
<record>
  <date>2019-07-11T20:42:54</date>
  <millis>1562895774707</millis>
  <sequence>154</sequence>
  <level>INFO</level>
  <class>com.kms.katalon.core.logging.XmlKeywordLogger</class>
  <method>logMessage</method>
  <thread>1</thread>
  <message>\n\n No se encontro: El mes es requerido</message>
  <nestedLevel>1</nestedLevel>
</record>
<record>
  <date>2019-07-11T20:42:54</date>
  <millis>1562895774716</millis>
  <sequence>155</sequence>
  <level>END</level>
  <class>com.kms.katalon.core.logging.XmlKeywordLogger</class>
  <method>endKeyword</method>
  <thread>1</thread>
  <message>End action : logInfo(\&amp;quot;\n\n No se encontro: \&amp;quot; + get(x).toString())</message>
  <nestedLevel>3</nestedLevel>
</record>
<record>
  <date>2019-07-11T20:42:54</date>
  <millis>1562895774726</millis>
  <sequence>156</sequence>
  <level>START</level>
  <class>com.kms.katalon.core.logging.XmlKeywordLogger</class>
  <method>startKeyword</method>
  <thread>1</thread>
  <message>Start action : flagFail = true</message>
  <nestedLevel>3</nestedLevel>
  <property name="startLine">55</property>
  <property name="stepIndex">2</property>
</record>
<record>
  <date>2019-07-11T20:43:01</date>
  <millis>1562895781064</millis>
  <sequence>157</sequence>
  <level>END</level>
  <class>com.kms.katalon.core.logging.XmlKeywordLogger</class>
  <method>endKeyword</method>
  <thread>1</thread>
  <message>End action : flagFail = true</message>
  <nestedLevel>3</nestedLevel>
</record>
<record>
  <date>2019-07-11T20:43:01</date>
  <millis>1562895781071</millis>
  <sequence>158</sequence>
  <level>END</level>
  <class>com.kms.katalon.core.logging.XmlKeywordLogger</class>
  <method>endKeyword</method>
  <thread>1</thread>
  <message>End action : if (contains == false)</message>
  <nestedLevel>2</nestedLevel>
</record>
<record>
  <date>2019-07-11T20:43:01</date>
  <millis>1562895781075</millis>
  <sequence>159</sequence>
  <level>START</level>
  <class>com.kms.katalon.core.logging.XmlKeywordLogger</class>
  <method>startKeyword</method>
  <thread>1</thread>
  <message>Start action : contains = flagAlert.contains(requiredFields.get(x))</message>
  <nestedLevel>2</nestedLevel>
  <property name="startLine">51</property>
  <property name="stepIndex">1</property>
</record>
<record>
  <date>2019-07-11T20:43:03</date>
  <millis>1562895783405</millis>
  <sequence>160</sequence>
  <level>END</level>
  <class>com.kms.katalon.core.logging.XmlKeywordLogger</class>
  <method>endKeyword</method>
  <thread>1</thread>
  <message>End action : contains = flagAlert.contains(requiredFields.get(x))</message>
  <nestedLevel>2</nestedLevel>
</record>
<record>
  <date>2019-07-11T20:43:03</date>
  <millis>1562895783410</millis>
  <sequence>161</sequence>
  <level>START</level>
  <class>com.kms.katalon.core.logging.XmlKeywordLogger</class>
  <method>startKeyword</method>
  <thread>1</thread>
  <message>Start action : if (contains == false)</message>
  <nestedLevel>2</nestedLevel>
  <property name="startLine">53</property>
  <property name="stepIndex">2</property>
</record>
<record>
  <date>2019-07-11T20:43:11</date>
  <millis>1562895791833</millis>
  <sequence>162</sequence>
  <level>END</level>
  <class>com.kms.katalon.core.logging.XmlKeywordLogger</class>
  <method>endKeyword</method>
  <thread>1</thread>
  <message>End action : if (contains == false)</message>
  <nestedLevel>2</nestedLevel>
</record>
<record>
  <date>2019-07-11T20:43:11</date>
  <millis>1562895791834</millis>
  <sequence>163</sequence>
  <level>END</level>
  <class>com.kms.katalon.core.logging.XmlKeywordLogger</class>
  <method>endKeyword</method>
  <thread>1</thread>
  <message>End action : for ([x = 0, x &amp;lt;= requiredFields.size() - 1, (x++)])</message>
  <nestedLevel>1</nestedLevel>
</record>
<record>
  <date>2019-07-11T20:43:11</date>
  <millis>1562895791835</millis>
  <sequence>164</sequence>
  <level>PASSED</level>
  <class>com.kms.katalon.core.logging.XmlKeywordLogger</class>
  <method>logMessage</method>
  <thread>1</thread>
  <message>Test Cases/SIGN_UP/registered_user</message>
  <nestedLevel>1</nestedLevel>
</record>
<record>
  <date>2019-07-11T20:43:11</date>
  <millis>1562895791836</millis>
  <sequence>165</sequence>
  <level>END</level>
  <class>com.kms.katalon.core.logging.XmlKeywordLogger</class>
  <method>endTest</method>
  <thread>1</thread>
  <message>End Test Case : Test Cases/SIGN_UP/registered_user</message>
  <nestedLevel>0</nestedLevel>
</record>
<record>
  <date>2019-07-11T20:43:11</date>
  <millis>1562895791845</millis>
  <sequence>166</sequence>
  <level>START</level>
  <class>com.kms.katalon.core.logging.XmlKeywordLogger</class>
  <method>startTest</method>
  <thread>1</thread>
  <message>Start Test Case : Test Cases/SET_UP_BROWSER/close_browser</message>
  <nestedLevel>1</nestedLevel>
  <property name="name">Test Cases/SET_UP_BROWSER/close_browser</property>
  <property name="description"></property>
  <property name="id">Test Cases/SET_UP_BROWSER/close_browser</property>
  <property name="source">C:\\Users\\QualtopGroup\\Katalon Studio\\QSSAT_Web_Liverpool\\Test Cases\\SET_UP_BROWSER\\close_browser.tc</property>
  <property name="tag"></property>
  <property name="isOptional">false</property>
</record>
<record>
  <date>2019-07-11T20:43:12</date>
  <millis>1562895792409</millis>
  <sequence>168</sequence>
  <level>START</level>
  <class>com.kms.katalon.core.logging.XmlKeywordLogger</class>
  <method>startKeyword</method>
  <thread>1</thread>
  <message>Start action : closeBrowser()</message>
  <nestedLevel>1</nestedLevel>
  <property name="startLine">16</property>
  <property name="stepIndex">1</property>
</record>
<record>
  <date>2019-07-11T20:43:14</date>
  <millis>1562895794654</millis>
  <sequence>170</sequence>
  <level>PASSED</level>
  <class>com.kms.katalon.core.logging.XmlKeywordLogger</class>
  <method>logMessage</method>
  <thread>1</thread>
  <message>Browser is closed</message>
  <nestedLevel>1</nestedLevel>
</record>
<record>
  <date>2019-07-11T20:43:14</date>
  <millis>1562895794654</millis>
  <sequence>171</sequence>
  <level>END</level>
  <class>com.kms.katalon.core.logging.XmlKeywordLogger</class>
  <method>endKeyword</method>
  <thread>1</thread>
  <message>End action : closeBrowser()</message>
  <nestedLevel>1</nestedLevel>
</record>
<record>
  <date>2019-07-11T20:43:14</date>
  <millis>1562895794654</millis>
  <sequence>172</sequence>
  <level>PASSED</level>
  <class>com.kms.katalon.core.logging.XmlKeywordLogger</class>
  <method>logMessage</method>
  <thread>1</thread>
  <message>Test Cases/SET_UP_BROWSER/close_browser</message>
  <nestedLevel>1</nestedLevel>
</record>
<record>
  <date>2019-07-11T20:43:14</date>
  <millis>1562895794655</millis>
  <sequence>173</sequence>
  <level>END</level>
  <class>com.kms.katalon.core.logging.XmlKeywordLogger</class>
  <method>endTest</method>
  <thread>1</thread>
  <message>End Test Case : Test Cases/SET_UP_BROWSER/close_browser</message>
  <nestedLevel>0</nestedLevel>
</record>
<record>
  <date>2019-07-11T20:43:14</date>
  <millis>1562895794656</millis>
  <sequence>174</sequence>
  <level>START</level>
  <class>com.kms.katalon.core.logging.XmlKeywordLogger</class>
  <method>startKeyword</method>
  <thread>1</thread>
  <message>Start listener action : exportKatalonReports</message>
  <nestedLevel>0</nestedLevel>
</record>
<record>
  <date>2019-07-11T20:43:15</date>
  <millis>1562895795093</millis>
  <sequence>420</sequence>
  <level>INFO</level>
  <class>com.kms.katalon.core.logging.XmlKeywordLogger</class>
  <method>logMessage</method>
  <thread>1</thread>
  <message>Start generating HTML report folder at: C:\\Users\\QualtopGroup\\Katalon Studio\\QSSAT_Web_Liverpool\\Reports\\20190711_203931\\SIGN_UP\\Successful_registration\\20190711_203931...</message>
  <nestedLevel>0</nestedLevel>
</record>
<record>
  <date>2019-07-11T20:43:15</date>
  <millis>1562895795754</millis>
  <sequence>421</sequence>
  <level>INFO</level>
  <class>com.kms.katalon.core.logging.XmlKeywordLogger</class>
  <method>logMessage</method>
  <thread>1</thread>
  <message>HTML report generated</message>
  <nestedLevel>0</nestedLevel>
</record>
<record>
  <date>2019-07-11T20:43:15</date>
  <millis>1562895795755</millis>
  <sequence>422</sequence>
  <level>INFO</level>
  <class>com.kms.katalon.core.logging.XmlKeywordLogger</class>
  <method>logMessage</method>
  <thread>1</thread>
  <message>Start generating CSV report folder at: C:\\Users\\QualtopGroup\\Katalon Studio\\QSSAT_Web_Liverpool\\Reports\\20190711_203931\\SIGN_UP\\Successful_registration\\20190711_203931...</message>
  <nestedLevel>0</nestedLevel>
</record>
<record>
  <date>2019-07-11T20:43:15</date>
  <millis>1562895795822</millis>
  <sequence>423</sequence>
  <level>INFO</level>
  <class>com.kms.katalon.core.logging.XmlKeywordLogger</class>
  <method>logMessage</method>
  <thread>1</thread>
  <message>CSV report generated</message>
  <nestedLevel>0</nestedLevel>
</record>
<record>
  <date>2019-07-11T20:43:15</date>
  <millis>1562895795824</millis>
  <sequence>424</sequence>
  <level>INFO</level>
  <class>com.kms.katalon.core.logging.XmlKeywordLogger</class>
  <method>logMessage</method>
  <thread>1</thread>
  <message>Start generating JUnit report folder at: C:\\Users\\QualtopGroup\\Katalon Studio\\QSSAT_Web_Liverpool\\Reports\\20190711_203931\\SIGN_UP\\Successful_registration\\20190711_203931...</message>
  <nestedLevel>0</nestedLevel>
</record>
<record>
  <date>2019-07-11T20:43:16</date>
  <millis>1562895796226</millis>
  <sequence>425</sequence>
  <level>INFO</level>
  <class>com.kms.katalon.core.logging.XmlKeywordLogger</class>
  <method>logMessage</method>
  <thread>1</thread>
  <message>JUnit report generated</message>
  <nestedLevel>0</nestedLevel>
</record>
<record>
  <date>2019-07-11T20:43:16</date>
  <millis>1562895796227</millis>
  <sequence>427</sequence>
  <level>END</level>
  <class>com.kms.katalon.core.logging.XmlKeywordLogger</class>
  <method>endKeyword</method>
  <thread>1</thread>
  <message>End listener action : exportKatalonReports</message>
  <nestedLevel>0</nestedLevel>
</record>
<record>
  <date>2019-07-11T20:43:16</date>
  <millis>1562895796344</millis>
  <sequence>428</sequence>
  <level>END</level>
  <class>com.kms.katalon.core.logging.XmlKeywordLogger</class>
  <method>endSuite</method>
  <thread>1</thread>
  <message>End Test Suite : Test Suites/SIGN_UP/Successful_registration</message>
  <nestedLevel>0</nestedLevel>
</record>
</log>