<?xml version="1.0" encoding="UTF-8" standalone="no"?>
<!DOCTYPE log SYSTEM "logger.dtd">
<log>
<record>
  <date>2019-07-13T01:36:42</date>
  <millis>1562999802212</millis>
  <sequence>0</sequence>
  <level>START</level>
  <class>com.kms.katalon.core.logging.XmlKeywordLogger</class>
  <method>startSuite</method>
  <thread>1</thread>
  <message>Start Test Suite : Test Suites/PRODUCTS/SendOpinionProduct</message>
  <nestedLevel>0</nestedLevel>
  <property name="name">SendOpinionProduct</property>
  <property name="description"></property>
  <property name="id">Test Suites/PRODUCTS/SendOpinionProduct</property>
</record>
<record>
  <date>2019-07-13T01:36:42</date>
  <millis>1562999802245</millis>
  <sequence>1</sequence>
  <level>RUN_DATA</level>
  <class>com.kms.katalon.core.logging.XmlKeywordLogger</class>
  <method>logMessage</method>
  <thread>1</thread>
  <message>hostName = QualtopGroup - DESKTOP-JOAKIH6</message>
  <nestedLevel>0</nestedLevel>
  <property name="hostName">QualtopGroup - DESKTOP-JOAKIH6</property>
</record>
<record>
  <date>2019-07-13T01:36:42</date>
  <millis>1562999802246</millis>
  <sequence>2</sequence>
  <level>RUN_DATA</level>
  <class>com.kms.katalon.core.logging.XmlKeywordLogger</class>
  <method>logMessage</method>
  <thread>1</thread>
  <message>os = Windows 10 64bit</message>
  <nestedLevel>0</nestedLevel>
  <property name="os">Windows 10 64bit</property>
</record>
<record>
  <date>2019-07-13T01:36:42</date>
  <millis>1562999802247</millis>
  <sequence>3</sequence>
  <level>RUN_DATA</level>
  <class>com.kms.katalon.core.logging.XmlKeywordLogger</class>
  <method>logMessage</method>
  <thread>1</thread>
  <message>hostAddress = 192.168.56.1</message>
  <nestedLevel>0</nestedLevel>
  <property name="hostAddress">192.168.56.1</property>
</record>
<record>
  <date>2019-07-13T01:36:42</date>
  <millis>1562999802250</millis>
  <sequence>4</sequence>
  <level>RUN_DATA</level>
  <class>com.kms.katalon.core.logging.XmlKeywordLogger</class>
  <method>logMessage</method>
  <thread>1</thread>
  <message>katalonVersion = 6.2.1.2</message>
  <nestedLevel>0</nestedLevel>
  <property name="katalonVersion">6.2.1.2</property>
</record>
<record>
  <date>2019-07-13T01:36:43</date>
  <millis>1562999803010</millis>
  <sequence>5</sequence>
  <level>START</level>
  <class>com.kms.katalon.core.logging.XmlKeywordLogger</class>
  <method>startTest</method>
  <thread>1</thread>
  <message>Start Test Case : Test Cases/SET_UP_BROWSER/launch_browser</message>
  <nestedLevel>1</nestedLevel>
  <property name="name">Test Cases/SET_UP_BROWSER/launch_browser</property>
  <property name="description"></property>
  <property name="id">Test Cases/SET_UP_BROWSER/launch_browser</property>
  <property name="source">C:\\Users\\QualtopGroup\\Katalon Studio\\QSSAT_Web_Liverpool\\Test Cases\\SET_UP_BROWSER\\launch_browser.tc</property>
  <property name="tag"></property>
  <property name="isOptional">false</property>
</record>
<record>
  <date>2019-07-13T01:36:44</date>
  <millis>1562999804589</millis>
  <sequence>7</sequence>
  <level>START</level>
  <class>com.kms.katalon.core.logging.XmlKeywordLogger</class>
  <method>startKeyword</method>
  <thread>1</thread>
  <message>Start action : openBrowser(BASE_URL)</message>
  <nestedLevel>1</nestedLevel>
  <property name="startLine">16</property>
  <property name="stepIndex">1</property>
</record>
<record>
  <date>2019-07-13T01:36:46</date>
  <millis>1562999806122</millis>
  <sequence>9</sequence>
  <level>INFO</level>
  <class>com.kms.katalon.core.logging.XmlKeywordLogger</class>
  <method>logMessage</method>
  <thread>1</thread>
  <message>Starting &amp;apos;Firefox&amp;apos; driver</message>
  <nestedLevel>1</nestedLevel>
</record>
<record>
  <date>2019-07-13T01:36:46</date>
  <millis>1562999806535</millis>
  <sequence>11</sequence>
  <level>INFO</level>
  <class>com.kms.katalon.core.logging.XmlKeywordLogger</class>
  <method>logMessage</method>
  <thread>1</thread>
  <message>Action delay is set to 0 seconds</message>
  <nestedLevel>1</nestedLevel>
</record>
<record>
  <date>2019-07-13T01:36:55</date>
  <millis>1562999815781</millis>
  <sequence>13</sequence>
  <level>RUN_DATA</level>
  <class>com.kms.katalon.core.logging.XmlKeywordLogger</class>
  <method>logMessage</method>
  <thread>1</thread>
  <message>sessionId = fbd47d4d-d6c3-41f7-8230-e6cd8e99d871</message>
  <nestedLevel>1</nestedLevel>
  <property name="sessionId">fbd47d4d-d6c3-41f7-8230-e6cd8e99d871</property>
</record>
<record>
  <date>2019-07-13T01:36:55</date>
  <millis>1562999815814</millis>
  <sequence>14</sequence>
  <level>RUN_DATA</level>
  <class>com.kms.katalon.core.logging.XmlKeywordLogger</class>
  <method>logMessage</method>
  <thread>1</thread>
  <message>browser = Firefox 66.0</message>
  <nestedLevel>1</nestedLevel>
  <property name="browser">Firefox 66.0</property>
</record>
<record>
  <date>2019-07-13T01:36:55</date>
  <millis>1562999815815</millis>
  <sequence>15</sequence>
  <level>RUN_DATA</level>
  <class>com.kms.katalon.core.logging.XmlKeywordLogger</class>
  <method>logMessage</method>
  <thread>1</thread>
  <message>platform = Windows 10</message>
  <nestedLevel>1</nestedLevel>
  <property name="platform">Windows 10</property>
</record>
<record>
  <date>2019-07-13T01:36:55</date>
  <millis>1562999815816</millis>
  <sequence>16</sequence>
  <level>RUN_DATA</level>
  <class>com.kms.katalon.core.logging.XmlKeywordLogger</class>
  <method>logMessage</method>
  <thread>1</thread>
  <message>seleniumVersion = 3.141.59</message>
  <nestedLevel>1</nestedLevel>
  <property name="seleniumVersion">3.141.59</property>
</record>
<record>
  <date>2019-07-13T01:36:55</date>
  <millis>1562999815817</millis>
  <sequence>17</sequence>
  <level>RUN_DATA</level>
  <class>com.kms.katalon.core.logging.XmlKeywordLogger</class>
  <method>logMessage</method>
  <thread>1</thread>
  <message>proxyInformation = ProxyInformation{proxyOption=NO_PROXY, proxyServerType=HTTP, password=, proxyServerAddress=, proxyServerPort=0}</message>
  <nestedLevel>1</nestedLevel>
  <property name="proxyInformation">ProxyInformation{proxyOption=NO_PROXY, proxyServerType=HTTP, password=, proxyServerAddress=, proxyServerPort=0}</property>
</record>
<record>
  <date>2019-07-13T01:36:58</date>
  <millis>1562999818785</millis>
  <sequence>19</sequence>
  <level>PASSED</level>
  <class>com.kms.katalon.core.logging.XmlKeywordLogger</class>
  <method>logMessage</method>
  <thread>1</thread>
  <message>Browser is opened with url: &amp;apos;https://www.liverpool.com.mx/tienda/home.jsp&amp;apos;</message>
  <nestedLevel>1</nestedLevel>
</record>
<record>
  <date>2019-07-13T01:36:58</date>
  <millis>1562999818786</millis>
  <sequence>20</sequence>
  <level>END</level>
  <class>com.kms.katalon.core.logging.XmlKeywordLogger</class>
  <method>endKeyword</method>
  <thread>1</thread>
  <message>End action : openBrowser(BASE_URL)</message>
  <nestedLevel>1</nestedLevel>
</record>
<record>
  <date>2019-07-13T01:36:58</date>
  <millis>1562999818787</millis>
  <sequence>21</sequence>
  <level>START</level>
  <class>com.kms.katalon.core.logging.XmlKeywordLogger</class>
  <method>startKeyword</method>
  <thread>1</thread>
  <message>Start action : maximizeWindow()</message>
  <nestedLevel>1</nestedLevel>
  <property name="startLine">18</property>
  <property name="stepIndex">2</property>
</record>
<record>
  <date>2019-07-13T01:36:59</date>
  <millis>1562999819248</millis>
  <sequence>23</sequence>
  <level>PASSED</level>
  <class>com.kms.katalon.core.logging.XmlKeywordLogger</class>
  <method>logMessage</method>
  <thread>1</thread>
  <message>Current window maximized</message>
  <nestedLevel>1</nestedLevel>
</record>
<record>
  <date>2019-07-13T01:36:59</date>
  <millis>1562999819249</millis>
  <sequence>24</sequence>
  <level>END</level>
  <class>com.kms.katalon.core.logging.XmlKeywordLogger</class>
  <method>endKeyword</method>
  <thread>1</thread>
  <message>End action : maximizeWindow()</message>
  <nestedLevel>1</nestedLevel>
</record>
<record>
  <date>2019-07-13T01:36:59</date>
  <millis>1562999819249</millis>
  <sequence>25</sequence>
  <level>PASSED</level>
  <class>com.kms.katalon.core.logging.XmlKeywordLogger</class>
  <method>logMessage</method>
  <thread>1</thread>
  <message>Test Cases/SET_UP_BROWSER/launch_browser</message>
  <nestedLevel>1</nestedLevel>
</record>
<record>
  <date>2019-07-13T01:36:59</date>
  <millis>1562999819251</millis>
  <sequence>26</sequence>
  <level>END</level>
  <class>com.kms.katalon.core.logging.XmlKeywordLogger</class>
  <method>endTest</method>
  <thread>1</thread>
  <message>End Test Case : Test Cases/SET_UP_BROWSER/launch_browser</message>
  <nestedLevel>0</nestedLevel>
</record>
<record>
  <date>2019-07-13T01:36:59</date>
  <millis>1562999819263</millis>
  <sequence>27</sequence>
  <level>START</level>
  <class>com.kms.katalon.core.logging.XmlKeywordLogger</class>
  <method>startTest</method>
  <thread>1</thread>
  <message>Start Test Case : Test Cases/HOME_PAGE/search_product</message>
  <nestedLevel>1</nestedLevel>
  <property name="name">Test Cases/HOME_PAGE/search_product</property>
  <property name="description"></property>
  <property name="id">Test Cases/HOME_PAGE/search_product</property>
  <property name="source">C:\\Users\\QualtopGroup\\Katalon Studio\\QSSAT_Web_Liverpool\\Test Cases\\HOME_PAGE\\search_product.tc</property>
  <property name="tag"></property>
  <property name="isOptional">false</property>
</record>
<record>
  <date>2019-07-13T01:36:59</date>
  <millis>1562999819278</millis>
  <sequence>29</sequence>
  <level>INFO</level>
  <class>com.kms.katalon.core.logging.XmlKeywordLogger</class>
  <method>logMessage</method>
  <thread>1</thread>
  <message>nameProduct = Smartphone Motorola One Vision 128 GB moka AT&amp;amp;T</message>
  <nestedLevel>1</nestedLevel>
</record>
<record>
  <date>2019-07-13T01:37:00</date>
  <millis>1562999820882</millis>
  <sequence>30</sequence>
  <level>START</level>
  <class>com.kms.katalon.core.logging.XmlKeywordLogger</class>
  <method>startKeyword</method>
  <thread>1</thread>
  <message>Start action : waitForElementClickable(findTestObject(\&amp;quot;HOME_PAGE/Header/input_search\&amp;quot;), 3)</message>
  <nestedLevel>1</nestedLevel>
  <property name="startLine">20</property>
  <property name="stepIndex">1</property>
</record>
<record>
  <date>2019-07-13T01:37:01</date>
  <millis>1562999821245</millis>
  <sequence>37</sequence>
  <level>PASSED</level>
  <class>com.kms.katalon.core.logging.XmlKeywordLogger</class>
  <method>logMessage</method>
  <thread>1</thread>
  <message>Object &amp;apos;Object Repository/HOME_PAGE/Header/input_search&amp;apos; is clickable</message>
  <nestedLevel>1</nestedLevel>
</record>
<record>
  <date>2019-07-13T01:37:01</date>
  <millis>1562999821246</millis>
  <sequence>38</sequence>
  <level>END</level>
  <class>com.kms.katalon.core.logging.XmlKeywordLogger</class>
  <method>endKeyword</method>
  <thread>1</thread>
  <message>End action : waitForElementClickable(findTestObject(\&amp;quot;HOME_PAGE/Header/input_search\&amp;quot;), 3)</message>
  <nestedLevel>1</nestedLevel>
</record>
<record>
  <date>2019-07-13T01:37:01</date>
  <millis>1562999821246</millis>
  <sequence>39</sequence>
  <level>START</level>
  <class>com.kms.katalon.core.logging.XmlKeywordLogger</class>
  <method>startKeyword</method>
  <thread>1</thread>
  <message>Start action : setText(findTestObject(\&amp;quot;HOME_PAGE/Header/input_search\&amp;quot;), nameProduct)</message>
  <nestedLevel>1</nestedLevel>
  <property name="startLine">22</property>
  <property name="stepIndex">2</property>
</record>
<record>
  <date>2019-07-13T01:37:01</date>
  <millis>1562999821628</millis>
  <sequence>48</sequence>
  <level>PASSED</level>
  <class>com.kms.katalon.core.logging.XmlKeywordLogger</class>
  <method>logMessage</method>
  <thread>1</thread>
  <message>Text &amp;apos;Smartphone Motorola One Vision 128 GB moka AT&amp;amp;T&amp;apos; is set on object &amp;apos;Object Repository/HOME_PAGE/Header/input_search&amp;apos;</message>
  <nestedLevel>1</nestedLevel>
</record>
<record>
  <date>2019-07-13T01:37:01</date>
  <millis>1562999821630</millis>
  <sequence>49</sequence>
  <level>END</level>
  <class>com.kms.katalon.core.logging.XmlKeywordLogger</class>
  <method>endKeyword</method>
  <thread>1</thread>
  <message>End action : setText(findTestObject(\&amp;quot;HOME_PAGE/Header/input_search\&amp;quot;), nameProduct)</message>
  <nestedLevel>1</nestedLevel>
</record>
<record>
  <date>2019-07-13T01:37:01</date>
  <millis>1562999821630</millis>
  <sequence>50</sequence>
  <level>START</level>
  <class>com.kms.katalon.core.logging.XmlKeywordLogger</class>
  <method>startKeyword</method>
  <thread>1</thread>
  <message>Start action : click(findTestObject(\&amp;quot;HOME_PAGE/Header/button_search\&amp;quot;))</message>
  <nestedLevel>1</nestedLevel>
  <property name="startLine">24</property>
  <property name="stepIndex">3</property>
</record>
<record>
  <date>2019-07-13T01:37:04</date>
  <millis>1562999824600</millis>
  <sequence>57</sequence>
  <level>PASSED</level>
  <class>com.kms.katalon.core.logging.XmlKeywordLogger</class>
  <method>logMessage</method>
  <thread>1</thread>
  <message>Object: &amp;apos;Object Repository/HOME_PAGE/Header/button_search&amp;apos; is clicked on</message>
  <nestedLevel>1</nestedLevel>
</record>
<record>
  <date>2019-07-13T01:37:04</date>
  <millis>1562999824601</millis>
  <sequence>58</sequence>
  <level>END</level>
  <class>com.kms.katalon.core.logging.XmlKeywordLogger</class>
  <method>endKeyword</method>
  <thread>1</thread>
  <message>End action : click(findTestObject(\&amp;quot;HOME_PAGE/Header/button_search\&amp;quot;))</message>
  <nestedLevel>1</nestedLevel>
</record>
<record>
  <date>2019-07-13T01:37:04</date>
  <millis>1562999824601</millis>
  <sequence>59</sequence>
  <level>PASSED</level>
  <class>com.kms.katalon.core.logging.XmlKeywordLogger</class>
  <method>logMessage</method>
  <thread>1</thread>
  <message>Test Cases/HOME_PAGE/search_product</message>
  <nestedLevel>1</nestedLevel>
</record>
<record>
  <date>2019-07-13T01:37:04</date>
  <millis>1562999824603</millis>
  <sequence>60</sequence>
  <level>END</level>
  <class>com.kms.katalon.core.logging.XmlKeywordLogger</class>
  <method>endTest</method>
  <thread>1</thread>
  <message>End Test Case : Test Cases/HOME_PAGE/search_product</message>
  <nestedLevel>0</nestedLevel>
</record>
<record>
  <date>2019-07-13T01:37:04</date>
  <millis>1562999824610</millis>
  <sequence>61</sequence>
  <level>START</level>
  <class>com.kms.katalon.core.logging.XmlKeywordLogger</class>
  <method>startTest</method>
  <thread>1</thread>
  <message>Start Test Case : Test Cases/PRODUCTS/CatalogProducts/GridProducts/select_product_catalog</message>
  <nestedLevel>1</nestedLevel>
  <property name="name">Test Cases/PRODUCTS/CatalogProducts/GridProducts/select_product_catalog</property>
  <property name="description"></property>
  <property name="id">Test Cases/PRODUCTS/CatalogProducts/GridProducts/select_product_catalog</property>
  <property name="source">C:\\Users\\QualtopGroup\\Katalon Studio\\QSSAT_Web_Liverpool\\Test Cases\\PRODUCTS\\CatalogProducts\\GridProducts\\select_product_catalog.tc</property>
  <property name="tag"></property>
  <property name="isOptional">false</property>
</record>
<record>
  <date>2019-07-13T01:37:04</date>
  <millis>1562999824624</millis>
  <sequence>63</sequence>
  <level>INFO</level>
  <class>com.kms.katalon.core.logging.XmlKeywordLogger</class>
  <method>logMessage</method>
  <thread>1</thread>
  <message>nameProduct = Smartphone Motorola One Vision 128 GB moka AT&amp;amp;T</message>
  <nestedLevel>1</nestedLevel>
</record>
<record>
  <date>2019-07-13T01:37:05</date>
  <millis>1562999825249</millis>
  <sequence>64</sequence>
  <level>START</level>
  <class>com.kms.katalon.core.logging.XmlKeywordLogger</class>
  <method>startKeyword</method>
  <thread>1</thread>
  <message>Start action : waitForElementVisible(findTestObject(\&amp;quot;PRODUCTS/CatalogProducts/span_total-products\&amp;quot;), 3)</message>
  <nestedLevel>1</nestedLevel>
  <property name="startLine">16</property>
  <property name="stepIndex">1</property>
</record>
