<?xml version="1.0" encoding="UTF-8" standalone="no"?>
<!DOCTYPE log SYSTEM "logger.dtd">
<log>
<record>
  <date>2019-07-11T20:28:58</date>
  <millis>1562894938633</millis>
  <sequence>0</sequence>
  <level>START</level>
  <class>com.kms.katalon.core.logging.XmlKeywordLogger</class>
  <method>startSuite</method>
  <thread>1</thread>
  <message>Start Test Suite : Test Suites/SIGN_UP/Successful_registration</message>
  <nestedLevel>0</nestedLevel>
  <property name="name">Successful_registration</property>
  <property name="description"></property>
  <property name="id">Test Suites/SIGN_UP/Successful_registration</property>
</record>
<record>
  <date>2019-07-11T20:28:58</date>
  <millis>1562894938723</millis>
  <sequence>1</sequence>
  <level>RUN_DATA</level>
  <class>com.kms.katalon.core.logging.XmlKeywordLogger</class>
  <method>logMessage</method>
  <thread>1</thread>
  <message>hostName = QualtopGroup - DESKTOP-JOAKIH6</message>
  <nestedLevel>0</nestedLevel>
  <property name="hostName">QualtopGroup - DESKTOP-JOAKIH6</property>
</record>
<record>
  <date>2019-07-11T20:28:58</date>
  <millis>1562894938726</millis>
  <sequence>2</sequence>
  <level>RUN_DATA</level>
  <class>com.kms.katalon.core.logging.XmlKeywordLogger</class>
  <method>logMessage</method>
  <thread>1</thread>
  <message>os = Windows 10 64bit</message>
  <nestedLevel>0</nestedLevel>
  <property name="os">Windows 10 64bit</property>
</record>
<record>
  <date>2019-07-11T20:28:58</date>
  <millis>1562894938730</millis>
  <sequence>3</sequence>
  <level>RUN_DATA</level>
  <class>com.kms.katalon.core.logging.XmlKeywordLogger</class>
  <method>logMessage</method>
  <thread>1</thread>
  <message>hostAddress = 192.168.56.1</message>
  <nestedLevel>0</nestedLevel>
  <property name="hostAddress">192.168.56.1</property>
</record>
<record>
  <date>2019-07-11T20:28:58</date>
  <millis>1562894938732</millis>
  <sequence>4</sequence>
  <level>RUN_DATA</level>
  <class>com.kms.katalon.core.logging.XmlKeywordLogger</class>
  <method>logMessage</method>
  <thread>1</thread>
  <message>katalonVersion = 6.3.0.1</message>
  <nestedLevel>0</nestedLevel>
  <property name="katalonVersion">6.3.0.1</property>
</record>
<record>
  <date>2019-07-11T20:28:59</date>
  <millis>1562894939550</millis>
  <sequence>5</sequence>
  <level>START</level>
  <class>com.kms.katalon.core.logging.XmlKeywordLogger</class>
  <method>startTest</method>
  <thread>1</thread>
  <message>Start Test Case : Test Cases/SET_UP_BROWSER/launch_browser</message>
  <nestedLevel>1</nestedLevel>
  <property name="name">Test Cases/SET_UP_BROWSER/launch_browser</property>
  <property name="description"></property>
  <property name="id">Test Cases/SET_UP_BROWSER/launch_browser</property>
  <property name="source">C:\\Users\\QualtopGroup\\Katalon Studio\\QSSAT_Web_Liverpool\\Test Cases\\SET_UP_BROWSER\\launch_browser.tc</property>
  <property name="tag"></property>
  <property name="isOptional">false</property>
</record>
<record>
  <date>2019-07-11T20:29:00</date>
  <millis>1562894940433</millis>
  <sequence>7</sequence>
  <level>START</level>
  <class>com.kms.katalon.core.logging.XmlKeywordLogger</class>
  <method>startKeyword</method>
  <thread>1</thread>
  <message>Start action : openBrowser(BASE_URL)</message>
  <nestedLevel>1</nestedLevel>
  <property name="startLine">16</property>
  <property name="stepIndex">1</property>
</record>
<record>
  <date>2019-07-11T20:29:01</date>
  <millis>1562894941614</millis>
  <sequence>9</sequence>
  <level>INFO</level>
  <class>com.kms.katalon.core.logging.XmlKeywordLogger</class>
  <method>logMessage</method>
  <thread>1</thread>
  <message>Starting &amp;apos;Firefox&amp;apos; driver</message>
  <nestedLevel>1</nestedLevel>
</record>
<record>
  <date>2019-07-11T20:29:01</date>
  <millis>1562894941921</millis>
  <sequence>11</sequence>
  <level>INFO</level>
  <class>com.kms.katalon.core.logging.XmlKeywordLogger</class>
  <method>logMessage</method>
  <thread>1</thread>
  <message>Action delay is set to 0 seconds</message>
  <nestedLevel>1</nestedLevel>
</record>
<record>
  <date>2019-07-11T20:29:12</date>
  <millis>1562894952919</millis>
  <sequence>13</sequence>
  <level>RUN_DATA</level>
  <class>com.kms.katalon.core.logging.XmlKeywordLogger</class>
  <method>logMessage</method>
  <thread>1</thread>
  <message>sessionId = e715dd6e-8ca9-42c2-bc23-2b7b1a6ab343</message>
  <nestedLevel>1</nestedLevel>
  <property name="sessionId">e715dd6e-8ca9-42c2-bc23-2b7b1a6ab343</property>
</record>
<record>
  <date>2019-07-11T20:29:12</date>
  <millis>1562894952961</millis>
  <sequence>14</sequence>
  <level>RUN_DATA</level>
  <class>com.kms.katalon.core.logging.XmlKeywordLogger</class>
  <method>logMessage</method>
  <thread>1</thread>
  <message>browser = Firefox 66.0</message>
  <nestedLevel>1</nestedLevel>
  <property name="browser">Firefox 66.0</property>
</record>
<record>
  <date>2019-07-11T20:29:12</date>
  <millis>1562894952963</millis>
  <sequence>15</sequence>
  <level>RUN_DATA</level>
  <class>com.kms.katalon.core.logging.XmlKeywordLogger</class>
  <method>logMessage</method>
  <thread>1</thread>
  <message>platform = Windows 10</message>
  <nestedLevel>1</nestedLevel>
  <property name="platform">Windows 10</property>
</record>
<record>
  <date>2019-07-11T20:29:12</date>
  <millis>1562894952964</millis>
  <sequence>16</sequence>
  <level>RUN_DATA</level>
  <class>com.kms.katalon.core.logging.XmlKeywordLogger</class>
  <method>logMessage</method>
  <thread>1</thread>
  <message>seleniumVersion = 3.141.59</message>
  <nestedLevel>1</nestedLevel>
  <property name="seleniumVersion">3.141.59</property>
</record>
<record>
  <date>2019-07-11T20:29:12</date>
  <millis>1562894952967</millis>
  <sequence>17</sequence>
  <level>RUN_DATA</level>
  <class>com.kms.katalon.core.logging.XmlKeywordLogger</class>
  <method>logMessage</method>
  <thread>1</thread>
  <message>proxyInformation = ProxyInformation{proxyOption=NO_PROXY, proxyServerType=HTTP, password=, proxyServerAddress=, proxyServerPort=0}</message>
  <nestedLevel>1</nestedLevel>
  <property name="proxyInformation">ProxyInformation{proxyOption=NO_PROXY, proxyServerType=HTTP, password=, proxyServerAddress=, proxyServerPort=0}</property>
</record>
<record>
  <date>2019-07-11T20:29:20</date>
  <millis>1562894960743</millis>
  <sequence>19</sequence>
  <level>PASSED</level>
  <class>com.kms.katalon.core.logging.XmlKeywordLogger</class>
  <method>logMessage</method>
  <thread>1</thread>
  <message>Browser is opened with url: &amp;apos;https://www.liverpool.com.mx/tienda/home.jsp&amp;apos;</message>
  <nestedLevel>1</nestedLevel>
</record>
<record>
  <date>2019-07-11T20:29:20</date>
  <millis>1562894960745</millis>
  <sequence>20</sequence>
  <level>END</level>
  <class>com.kms.katalon.core.logging.XmlKeywordLogger</class>
  <method>endKeyword</method>
  <thread>1</thread>
  <message>End action : openBrowser(BASE_URL)</message>
  <nestedLevel>1</nestedLevel>
</record>
<record>
  <date>2019-07-11T20:29:20</date>
  <millis>1562894960745</millis>
  <sequence>21</sequence>
  <level>START</level>
  <class>com.kms.katalon.core.logging.XmlKeywordLogger</class>
  <method>startKeyword</method>
  <thread>1</thread>
  <message>Start action : maximizeWindow()</message>
  <nestedLevel>1</nestedLevel>
  <property name="startLine">18</property>
  <property name="stepIndex">2</property>
</record>
<record>
  <date>2019-07-11T20:29:21</date>
  <millis>1562894961166</millis>
  <sequence>23</sequence>
  <level>PASSED</level>
  <class>com.kms.katalon.core.logging.XmlKeywordLogger</class>
  <method>logMessage</method>
  <thread>1</thread>
  <message>Current window maximized</message>
  <nestedLevel>1</nestedLevel>
</record>
<record>
  <date>2019-07-11T20:29:21</date>
  <millis>1562894961167</millis>
  <sequence>24</sequence>
  <level>END</level>
  <class>com.kms.katalon.core.logging.XmlKeywordLogger</class>
  <method>endKeyword</method>
  <thread>1</thread>
  <message>End action : maximizeWindow()</message>
  <nestedLevel>1</nestedLevel>
</record>
<record>
  <date>2019-07-11T20:29:21</date>
  <millis>1562894961167</millis>
  <sequence>25</sequence>
  <level>PASSED</level>
  <class>com.kms.katalon.core.logging.XmlKeywordLogger</class>
  <method>logMessage</method>
  <thread>1</thread>
  <message>Test Cases/SET_UP_BROWSER/launch_browser</message>
  <nestedLevel>1</nestedLevel>
</record>
<record>
  <date>2019-07-11T20:29:21</date>
  <millis>1562894961168</millis>
  <sequence>26</sequence>
  <level>END</level>
  <class>com.kms.katalon.core.logging.XmlKeywordLogger</class>
  <method>endTest</method>
  <thread>1</thread>
  <message>End Test Case : Test Cases/SET_UP_BROWSER/launch_browser</message>
  <nestedLevel>0</nestedLevel>
</record>
<record>
  <date>2019-07-11T20:29:21</date>
  <millis>1562894961181</millis>
  <sequence>27</sequence>
  <level>START</level>
  <class>com.kms.katalon.core.logging.XmlKeywordLogger</class>
  <method>startTest</method>
  <thread>1</thread>
  <message>Start Test Case : Test Cases/LOG_IN/access_log_in</message>
  <nestedLevel>1</nestedLevel>
  <property name="name">Test Cases/LOG_IN/access_log_in</property>
  <property name="description"></property>
  <property name="id">Test Cases/LOG_IN/access_log_in</property>
  <property name="source">C:\\Users\\QualtopGroup\\Katalon Studio\\QSSAT_Web_Liverpool\\Test Cases\\LOG_IN\\access_log_in.tc</property>
  <property name="tag"></property>
  <property name="isOptional">false</property>
</record>
<record>
  <date>2019-07-11T20:29:22</date>
  <millis>1562894962374</millis>
  <sequence>29</sequence>
  <level>START</level>
  <class>com.kms.katalon.core.logging.XmlKeywordLogger</class>
  <method>startKeyword</method>
  <thread>1</thread>
  <message>Start action : click(findTestObject(\&amp;quot;HOME_PAGE/Header/button_login\&amp;quot;))</message>
  <nestedLevel>1</nestedLevel>
  <property name="startLine">16</property>
  <property name="stepIndex">1</property>
</record>
<record>
  <date>2019-07-11T20:29:23</date>
  <millis>1562894963005</millis>
  <sequence>36</sequence>
  <level>PASSED</level>
  <class>com.kms.katalon.core.logging.XmlKeywordLogger</class>
  <method>logMessage</method>
  <thread>1</thread>
  <message>Object: &amp;apos;Object Repository/HOME_PAGE/Header/button_login&amp;apos; is clicked on</message>
  <nestedLevel>1</nestedLevel>
</record>
<record>
  <date>2019-07-11T20:29:23</date>
  <millis>1562894963006</millis>
  <sequence>37</sequence>
  <level>END</level>
  <class>com.kms.katalon.core.logging.XmlKeywordLogger</class>
  <method>endKeyword</method>
  <thread>1</thread>
  <message>End action : click(findTestObject(\&amp;quot;HOME_PAGE/Header/button_login\&amp;quot;))</message>
  <nestedLevel>1</nestedLevel>
</record>
<record>
  <date>2019-07-11T20:29:23</date>
  <millis>1562894963006</millis>
  <sequence>38</sequence>
  <level>START</level>
  <class>com.kms.katalon.core.logging.XmlKeywordLogger</class>
  <method>startKeyword</method>
  <thread>1</thread>
  <message>Start action : waitForElementVisible(findTestObject(\&amp;quot;LOG_IN/iframe_log-in\&amp;quot;), 3)</message>
  <nestedLevel>1</nestedLevel>
  <property name="startLine">18</property>
  <property name="stepIndex">2</property>
</record>
<record>
  <date>2019-07-11T20:29:23</date>
  <millis>1562894963208</millis>
  <sequence>45</sequence>
  <level>PASSED</level>
  <class>com.kms.katalon.core.logging.XmlKeywordLogger</class>
  <method>logMessage</method>
  <thread>1</thread>
  <message>Object &amp;apos;Object Repository/LOG_IN/iframe_log-in&amp;apos; is visible</message>
  <nestedLevel>1</nestedLevel>
</record>
<record>
  <date>2019-07-11T20:29:23</date>
  <millis>1562894963208</millis>
  <sequence>46</sequence>
  <level>END</level>
  <class>com.kms.katalon.core.logging.XmlKeywordLogger</class>
  <method>endKeyword</method>
  <thread>1</thread>
  <message>End action : waitForElementVisible(findTestObject(\&amp;quot;LOG_IN/iframe_log-in\&amp;quot;), 3)</message>
  <nestedLevel>1</nestedLevel>
</record>
<record>
  <date>2019-07-11T20:29:23</date>
  <millis>1562894963208</millis>
  <sequence>47</sequence>
  <level>PASSED</level>
  <class>com.kms.katalon.core.logging.XmlKeywordLogger</class>
  <method>logMessage</method>
  <thread>1</thread>
  <message>Test Cases/LOG_IN/access_log_in</message>
  <nestedLevel>1</nestedLevel>
</record>
<record>
  <date>2019-07-11T20:29:23</date>
  <millis>1562894963209</millis>
  <sequence>48</sequence>
  <level>END</level>
  <class>com.kms.katalon.core.logging.XmlKeywordLogger</class>
  <method>endTest</method>
  <thread>1</thread>
  <message>End Test Case : Test Cases/LOG_IN/access_log_in</message>
  <nestedLevel>0</nestedLevel>
</record>
<record>
  <date>2019-07-11T20:29:23</date>
  <millis>1562894963216</millis>
  <sequence>49</sequence>
  <level>START</level>
  <class>com.kms.katalon.core.logging.XmlKeywordLogger</class>
  <method>startTest</method>
  <thread>1</thread>
  <message>Start Test Case : Test Cases/SIGN_UP/access_sign_up</message>
  <nestedLevel>1</nestedLevel>
  <property name="name">Test Cases/SIGN_UP/access_sign_up</property>
  <property name="description"></property>
  <property name="id">Test Cases/SIGN_UP/access_sign_up</property>
  <property name="source">C:\\Users\\QualtopGroup\\Katalon Studio\\QSSAT_Web_Liverpool\\Test Cases\\SIGN_UP\\access_sign_up.tc</property>
  <property name="tag"></property>
  <property name="isOptional">false</property>
</record>
<record>
  <date>2019-07-11T20:29:23</date>
  <millis>1562894963940</millis>
  <sequence>51</sequence>
  <level>START</level>
  <class>com.kms.katalon.core.logging.XmlKeywordLogger</class>
  <method>startKeyword</method>
  <thread>1</thread>
  <message>Start action : click(findTestObject(\&amp;quot;LOG_IN/button_sign-up\&amp;quot;))</message>
  <nestedLevel>1</nestedLevel>
  <property name="startLine">16</property>
  <property name="stepIndex">1</property>
</record>
<record>
  <date>2019-07-11T20:29:24</date>
  <millis>1562894964838</millis>
  <sequence>65</sequence>
  <level>PASSED</level>
  <class>com.kms.katalon.core.logging.XmlKeywordLogger</class>
  <method>logMessage</method>
  <thread>1</thread>
  <message>Object: &amp;apos;Object Repository/LOG_IN/button_sign-up&amp;apos; is clicked on</message>
  <nestedLevel>1</nestedLevel>
</record>
<record>
  <date>2019-07-11T20:29:24</date>
  <millis>1562894964904</millis>
  <sequence>67</sequence>
  <level>END</level>
  <class>com.kms.katalon.core.logging.XmlKeywordLogger</class>
  <method>endKeyword</method>
  <thread>1</thread>
  <message>End action : click(findTestObject(\&amp;quot;LOG_IN/button_sign-up\&amp;quot;))</message>
  <nestedLevel>1</nestedLevel>
</record>
<record>
  <date>2019-07-11T20:29:24</date>
  <millis>1562894964904</millis>
  <sequence>68</sequence>
  <level>START</level>
  <class>com.kms.katalon.core.logging.XmlKeywordLogger</class>
  <method>startKeyword</method>
  <thread>1</thread>
  <message>Start action : verifyElementVisible(findTestObject(\&amp;quot;GLOBAL/title_h1\&amp;quot;, [\&amp;quot;txtTitle\&amp;quot;:\&amp;quot;Beneficios de Registrarse\&amp;quot;]))</message>
  <nestedLevel>1</nestedLevel>
  <property name="startLine">18</property>
  <property name="stepIndex">2</property>
</record>
<record>
  <date>2019-07-11T20:29:25</date>
  <millis>1562894965742</millis>
  <sequence>74</sequence>
  <level>PASSED</level>
  <class>com.kms.katalon.core.logging.XmlKeywordLogger</class>
  <method>logMessage</method>
  <thread>1</thread>
  <message>Object &amp;apos;Object Repository/GLOBAL/title_h1&amp;apos; is visible</message>
  <nestedLevel>1</nestedLevel>
</record>
<record>
  <date>2019-07-11T20:29:25</date>
  <millis>1562894965743</millis>
  <sequence>75</sequence>
  <level>END</level>
  <class>com.kms.katalon.core.logging.XmlKeywordLogger</class>
  <method>endKeyword</method>
  <thread>1</thread>
  <message>End action : verifyElementVisible(findTestObject(\&amp;quot;GLOBAL/title_h1\&amp;quot;, [\&amp;quot;txtTitle\&amp;quot;:\&amp;quot;Beneficios de Registrarse\&amp;quot;]))</message>
  <nestedLevel>1</nestedLevel>
</record>
<record>
  <date>2019-07-11T20:29:25</date>
  <millis>1562894965743</millis>
  <sequence>76</sequence>
  <level>PASSED</level>
  <class>com.kms.katalon.core.logging.XmlKeywordLogger</class>
  <method>logMessage</method>
  <thread>1</thread>
  <message>Test Cases/SIGN_UP/access_sign_up</message>
  <nestedLevel>1</nestedLevel>
</record>
<record>
  <date>2019-07-11T20:29:25</date>
  <millis>1562894965745</millis>
  <sequence>77</sequence>
  <level>END</level>
  <class>com.kms.katalon.core.logging.XmlKeywordLogger</class>
  <method>endTest</method>
  <thread>1</thread>
  <message>End Test Case : Test Cases/SIGN_UP/access_sign_up</message>
  <nestedLevel>0</nestedLevel>
</record>
<record>
  <date>2019-07-11T20:29:25</date>
  <millis>1562894965754</millis>
  <sequence>78</sequence>
  <level>START</level>
  <class>com.kms.katalon.core.logging.XmlKeywordLogger</class>
  <method>startTest</method>
  <thread>1</thread>
  <message>Start Test Case : Test Cases/SIGN_UP/registered_user</message>
  <nestedLevel>1</nestedLevel>
  <property name="name">Test Cases/SIGN_UP/registered_user</property>
  <property name="description"></property>
  <property name="id">Test Cases/SIGN_UP/registered_user</property>
  <property name="source">C:\\Users\\QualtopGroup\\Katalon Studio\\QSSAT_Web_Liverpool\\Test Cases\\SIGN_UP\\registered_user.tc</property>
  <property name="tag"></property>
  <property name="isOptional">false</property>
</record>
<record>
  <date>2019-07-11T20:29:25</date>
  <millis>1562894965925</millis>
  <sequence>80</sequence>
  <level>INFO</level>
  <class>com.kms.katalon.core.logging.XmlKeywordLogger</class>
  <method>logMessage</method>
  <thread>1</thread>
  <message>(Default) requiredFields = [Introduce tu correo electr\u00F3nico, Introduce tu contrase\u00F1a, Introduce tu nombre, Por favor introduzca el apellido paterno, Introduce tu Apellido Materno., El dia es requerido, El a\u00F1o es requerido, El mes es requerido]</message>
  <nestedLevel>1</nestedLevel>
</record>
<record>
  <date>2019-07-11T20:29:25</date>
  <millis>1562894965959</millis>
  <sequence>81</sequence>
  <level>INFO</level>
  <class>com.kms.katalon.core.logging.XmlKeywordLogger</class>
  <method>logMessage</method>
  <thread>1</thread>
  <message>(Default) flagAlert = []</message>
  <nestedLevel>1</nestedLevel>
</record>
<record>
  <date>2019-07-11T20:29:26</date>
  <millis>1562894966054</millis>
  <sequence>82</sequence>
  <level>INFO</level>
  <class>com.kms.katalon.core.logging.XmlKeywordLogger</class>
  <method>logMessage</method>
  <thread>1</thread>
  <message>(Default) flagFail = false</message>
  <nestedLevel>1</nestedLevel>
</record>
<record>
  <date>2019-07-11T20:29:27</date>
  <millis>1562894967332</millis>
  <sequence>83</sequence>
  <level>START</level>
  <class>com.kms.katalon.core.logging.XmlKeywordLogger</class>
  <method>startKeyword</method>
  <thread>1</thread>
  <message>Start action : verifyElementClickable(findTestObject(\&amp;quot;SIGN_UP/button_accept\&amp;quot;))</message>
  <nestedLevel>1</nestedLevel>
  <property name="startLine">22</property>
  <property name="stepIndex">1</property>
</record>
<record>
  <date>2019-07-11T20:29:27</date>
  <millis>1562894967427</millis>
  <sequence>89</sequence>
  <level>PASSED</level>
  <class>com.kms.katalon.core.logging.XmlKeywordLogger</class>
  <method>logMessage</method>
  <thread>1</thread>
  <message>Object &amp;apos;Object Repository/SIGN_UP/button_accept&amp;apos; is clickable</message>
  <nestedLevel>1</nestedLevel>
</record>
<record>
  <date>2019-07-11T20:29:27</date>
  <millis>1562894967428</millis>
  <sequence>90</sequence>
  <level>END</level>
  <class>com.kms.katalon.core.logging.XmlKeywordLogger</class>
  <method>endKeyword</method>
  <thread>1</thread>
  <message>End action : verifyElementClickable(findTestObject(\&amp;quot;SIGN_UP/button_accept\&amp;quot;))</message>
  <nestedLevel>1</nestedLevel>
</record>
<record>
  <date>2019-07-11T20:29:27</date>
  <millis>1562894967429</millis>
  <sequence>91</sequence>
  <level>START</level>
  <class>com.kms.katalon.core.logging.XmlKeywordLogger</class>
  <method>startKeyword</method>
  <thread>1</thread>
  <message>Start action : click(findTestObject(\&amp;quot;SIGN_UP/button_accept\&amp;quot;))</message>
  <nestedLevel>1</nestedLevel>
  <property name="startLine">41</property>
  <property name="stepIndex">2</property>
</record>
<record>
  <date>2019-07-11T20:29:27</date>
  <millis>1562894967909</millis>
  <sequence>98</sequence>
  <level>PASSED</level>
  <class>com.kms.katalon.core.logging.XmlKeywordLogger</class>
  <method>logMessage</method>
  <thread>1</thread>
  <message>Object: &amp;apos;Object Repository/SIGN_UP/button_accept&amp;apos; is clicked on</message>
  <nestedLevel>1</nestedLevel>
</record>
<record>
  <date>2019-07-11T20:29:27</date>
  <millis>1562894967910</millis>
  <sequence>99</sequence>
  <level>END</level>
  <class>com.kms.katalon.core.logging.XmlKeywordLogger</class>
  <method>endKeyword</method>
  <thread>1</thread>
  <message>End action : click(findTestObject(\&amp;quot;SIGN_UP/button_accept\&amp;quot;))</message>
  <nestedLevel>1</nestedLevel>
</record>
<record>
  <date>2019-07-11T20:29:27</date>
  <millis>1562894967911</millis>
  <sequence>100</sequence>
  <level>START</level>
  <class>com.kms.katalon.core.logging.XmlKeywordLogger</class>
  <method>startKeyword</method>
  <thread>1</thread>
  <message>Start action : flagAlert = getWebDriver().findElements(By.xpath(\&amp;quot;//label[@class=\&amp;quot;error\&amp;quot;]\&amp;quot;))</message>
  <nestedLevel>1</nestedLevel>
  <property name="startLine">43</property>
  <property name="stepIndex">3</property>
</record>
<record>
  <date>2019-07-11T20:30:00</date>
  <millis>1562895000730</millis>
  <sequence>101</sequence>
  <level>END</level>
  <class>com.kms.katalon.core.logging.XmlKeywordLogger</class>
  <method>endKeyword</method>
  <thread>1</thread>
  <message>End action : flagAlert = getWebDriver().findElements(By.xpath(\&amp;quot;//label[@class=\&amp;quot;error\&amp;quot;]\&amp;quot;))</message>
  <nestedLevel>1</nestedLevel>
</record>
<record>
  <date>2019-07-11T20:30:00</date>
  <millis>1562895000735</millis>
  <sequence>102</sequence>
  <level>START</level>
  <class>com.kms.katalon.core.logging.XmlKeywordLogger</class>
  <method>startKeyword</method>
  <thread>1</thread>
  <message>Start action : for ([x = 0, x &amp;lt;= requiredFields.size() - 1, (x++)])</message>
  <nestedLevel>1</nestedLevel>
  <property name="startLine">45</property>
  <property name="stepIndex">4</property>
</record>
<record>
  <date>2019-07-11T20:30:24</date>
  <millis>1562895024716</millis>
  <sequence>103</sequence>
  <level>START</level>
  <class>com.kms.katalon.core.logging.XmlKeywordLogger</class>
  <method>startKeyword</method>
  <thread>1</thread>
  <message>Start action : contains = asList(flagAlert).contains(get(x).toString())</message>
  <nestedLevel>2</nestedLevel>
  <property name="startLine">46</property>
  <property name="stepIndex">1</property>
</record>
