<?xml version="1.0" encoding="UTF-8" standalone="no"?>
<!DOCTYPE log SYSTEM "logger.dtd">
<log>
<record>
  <date>2019-07-13T02:00:13</date>
  <millis>1563001213049</millis>
  <sequence>0</sequence>
  <level>START</level>
  <class>com.kms.katalon.core.logging.XmlKeywordLogger</class>
  <method>startSuite</method>
  <thread>1</thread>
  <message>Start Test Suite : Test Suites/PRODUCTS/SendOpinionProduct</message>
  <nestedLevel>0</nestedLevel>
  <property name="name">SendOpinionProduct</property>
  <property name="description"></property>
  <property name="id">Test Suites/PRODUCTS/SendOpinionProduct</property>
</record>
<record>
  <date>2019-07-13T02:00:13</date>
  <millis>1563001213074</millis>
  <sequence>1</sequence>
  <level>RUN_DATA</level>
  <class>com.kms.katalon.core.logging.XmlKeywordLogger</class>
  <method>logMessage</method>
  <thread>1</thread>
  <message>hostName = QualtopGroup - DESKTOP-JOAKIH6</message>
  <nestedLevel>0</nestedLevel>
  <property name="hostName">QualtopGroup - DESKTOP-JOAKIH6</property>
</record>
<record>
  <date>2019-07-13T02:00:13</date>
  <millis>1563001213075</millis>
  <sequence>2</sequence>
  <level>RUN_DATA</level>
  <class>com.kms.katalon.core.logging.XmlKeywordLogger</class>
  <method>logMessage</method>
  <thread>1</thread>
  <message>os = Windows 10 64bit</message>
  <nestedLevel>0</nestedLevel>
  <property name="os">Windows 10 64bit</property>
</record>
<record>
  <date>2019-07-13T02:00:13</date>
  <millis>1563001213076</millis>
  <sequence>3</sequence>
  <level>RUN_DATA</level>
  <class>com.kms.katalon.core.logging.XmlKeywordLogger</class>
  <method>logMessage</method>
  <thread>1</thread>
  <message>hostAddress = 192.168.56.1</message>
  <nestedLevel>0</nestedLevel>
  <property name="hostAddress">192.168.56.1</property>
</record>
<record>
  <date>2019-07-13T02:00:13</date>
  <millis>1563001213079</millis>
  <sequence>4</sequence>
  <level>RUN_DATA</level>
  <class>com.kms.katalon.core.logging.XmlKeywordLogger</class>
  <method>logMessage</method>
  <thread>1</thread>
  <message>katalonVersion = 6.2.1.2</message>
  <nestedLevel>0</nestedLevel>
  <property name="katalonVersion">6.2.1.2</property>
</record>
<record>
  <date>2019-07-13T02:00:13</date>
  <millis>1563001213585</millis>
  <sequence>5</sequence>
  <level>START</level>
  <class>com.kms.katalon.core.logging.XmlKeywordLogger</class>
  <method>startTest</method>
  <thread>1</thread>
  <message>Start Test Case : Test Cases/SET_UP_BROWSER/launch_browser</message>
  <nestedLevel>1</nestedLevel>
  <property name="name">Test Cases/SET_UP_BROWSER/launch_browser</property>
  <property name="description"></property>
  <property name="id">Test Cases/SET_UP_BROWSER/launch_browser</property>
  <property name="source">C:\\Users\\QualtopGroup\\Katalon Studio\\QSSAT_Web_Liverpool\\Test Cases\\SET_UP_BROWSER\\launch_browser.tc</property>
  <property name="tag"></property>
  <property name="isOptional">false</property>
</record>
<record>
  <date>2019-07-13T02:00:14</date>
  <millis>1563001214121</millis>
  <sequence>7</sequence>
  <level>START</level>
  <class>com.kms.katalon.core.logging.XmlKeywordLogger</class>
  <method>startKeyword</method>
  <thread>1</thread>
  <message>Start action : openBrowser(BASE_URL)</message>
  <nestedLevel>1</nestedLevel>
  <property name="startLine">16</property>
  <property name="stepIndex">1</property>
</record>
<record>
  <date>2019-07-13T02:00:14</date>
  <millis>1563001214910</millis>
  <sequence>9</sequence>
  <level>INFO</level>
  <class>com.kms.katalon.core.logging.XmlKeywordLogger</class>
  <method>logMessage</method>
  <thread>1</thread>
  <message>Starting &amp;apos;Firefox&amp;apos; driver</message>
  <nestedLevel>1</nestedLevel>
</record>
<record>
  <date>2019-07-13T02:00:15</date>
  <millis>1563001215166</millis>
  <sequence>11</sequence>
  <level>INFO</level>
  <class>com.kms.katalon.core.logging.XmlKeywordLogger</class>
  <method>logMessage</method>
  <thread>1</thread>
  <message>Action delay is set to 0 seconds</message>
  <nestedLevel>1</nestedLevel>
</record>
<record>
  <date>2019-07-13T02:00:23</date>
  <millis>1563001223162</millis>
  <sequence>13</sequence>
  <level>RUN_DATA</level>
  <class>com.kms.katalon.core.logging.XmlKeywordLogger</class>
  <method>logMessage</method>
  <thread>1</thread>
  <message>sessionId = 3f056852-abf9-43aa-bfaa-3bc2d776b634</message>
  <nestedLevel>1</nestedLevel>
  <property name="sessionId">3f056852-abf9-43aa-bfaa-3bc2d776b634</property>
</record>
<record>
  <date>2019-07-13T02:00:23</date>
  <millis>1563001223189</millis>
  <sequence>14</sequence>
  <level>RUN_DATA</level>
  <class>com.kms.katalon.core.logging.XmlKeywordLogger</class>
  <method>logMessage</method>
  <thread>1</thread>
  <message>browser = Firefox 66.0</message>
  <nestedLevel>1</nestedLevel>
  <property name="browser">Firefox 66.0</property>
</record>
<record>
  <date>2019-07-13T02:00:23</date>
  <millis>1563001223190</millis>
  <sequence>15</sequence>
  <level>RUN_DATA</level>
  <class>com.kms.katalon.core.logging.XmlKeywordLogger</class>
  <method>logMessage</method>
  <thread>1</thread>
  <message>platform = Windows 10</message>
  <nestedLevel>1</nestedLevel>
  <property name="platform">Windows 10</property>
</record>
<record>
  <date>2019-07-13T02:00:23</date>
  <millis>1563001223192</millis>
  <sequence>16</sequence>
  <level>RUN_DATA</level>
  <class>com.kms.katalon.core.logging.XmlKeywordLogger</class>
  <method>logMessage</method>
  <thread>1</thread>
  <message>seleniumVersion = 3.141.59</message>
  <nestedLevel>1</nestedLevel>
  <property name="seleniumVersion">3.141.59</property>
</record>
<record>
  <date>2019-07-13T02:00:23</date>
  <millis>1563001223193</millis>
  <sequence>17</sequence>
  <level>RUN_DATA</level>
  <class>com.kms.katalon.core.logging.XmlKeywordLogger</class>
  <method>logMessage</method>
  <thread>1</thread>
  <message>proxyInformation = ProxyInformation{proxyOption=NO_PROXY, proxyServerType=HTTP, password=, proxyServerAddress=, proxyServerPort=0}</message>
  <nestedLevel>1</nestedLevel>
  <property name="proxyInformation">ProxyInformation{proxyOption=NO_PROXY, proxyServerType=HTTP, password=, proxyServerAddress=, proxyServerPort=0}</property>
</record>
<record>
  <date>2019-07-13T02:00:27</date>
  <millis>1563001227391</millis>
  <sequence>19</sequence>
  <level>PASSED</level>
  <class>com.kms.katalon.core.logging.XmlKeywordLogger</class>
  <method>logMessage</method>
  <thread>1</thread>
  <message>Browser is opened with url: &amp;apos;https://www.liverpool.com.mx/tienda/home.jsp&amp;apos;</message>
  <nestedLevel>1</nestedLevel>
</record>
<record>
  <date>2019-07-13T02:00:27</date>
  <millis>1563001227392</millis>
  <sequence>20</sequence>
  <level>END</level>
  <class>com.kms.katalon.core.logging.XmlKeywordLogger</class>
  <method>endKeyword</method>
  <thread>1</thread>
  <message>End action : openBrowser(BASE_URL)</message>
  <nestedLevel>1</nestedLevel>
</record>
<record>
  <date>2019-07-13T02:00:27</date>
  <millis>1563001227393</millis>
  <sequence>21</sequence>
  <level>START</level>
  <class>com.kms.katalon.core.logging.XmlKeywordLogger</class>
  <method>startKeyword</method>
  <thread>1</thread>
  <message>Start action : maximizeWindow()</message>
  <nestedLevel>1</nestedLevel>
  <property name="startLine">18</property>
  <property name="stepIndex">2</property>
</record>
<record>
  <date>2019-07-13T02:00:27</date>
  <millis>1563001227435</millis>
  <sequence>23</sequence>
  <level>PASSED</level>
  <class>com.kms.katalon.core.logging.XmlKeywordLogger</class>
  <method>logMessage</method>
  <thread>1</thread>
  <message>Current window maximized</message>
  <nestedLevel>1</nestedLevel>
</record>
<record>
  <date>2019-07-13T02:00:27</date>
  <millis>1563001227436</millis>
  <sequence>24</sequence>
  <level>END</level>
  <class>com.kms.katalon.core.logging.XmlKeywordLogger</class>
  <method>endKeyword</method>
  <thread>1</thread>
  <message>End action : maximizeWindow()</message>
  <nestedLevel>1</nestedLevel>
</record>
<record>
  <date>2019-07-13T02:00:27</date>
  <millis>1563001227436</millis>
  <sequence>25</sequence>
  <level>PASSED</level>
  <class>com.kms.katalon.core.logging.XmlKeywordLogger</class>
  <method>logMessage</method>
  <thread>1</thread>
  <message>Test Cases/SET_UP_BROWSER/launch_browser</message>
  <nestedLevel>1</nestedLevel>
</record>
<record>
  <date>2019-07-13T02:00:27</date>
  <millis>1563001227438</millis>
  <sequence>26</sequence>
  <level>END</level>
  <class>com.kms.katalon.core.logging.XmlKeywordLogger</class>
  <method>endTest</method>
  <thread>1</thread>
  <message>End Test Case : Test Cases/SET_UP_BROWSER/launch_browser</message>
  <nestedLevel>0</nestedLevel>
</record>
<record>
  <date>2019-07-13T02:00:27</date>
  <millis>1563001227450</millis>
  <sequence>27</sequence>
  <level>START</level>
  <class>com.kms.katalon.core.logging.XmlKeywordLogger</class>
  <method>startTest</method>
  <thread>1</thread>
  <message>Start Test Case : Test Cases/HOME_PAGE/search_product</message>
  <nestedLevel>1</nestedLevel>
  <property name="name">Test Cases/HOME_PAGE/search_product</property>
  <property name="description"></property>
  <property name="id">Test Cases/HOME_PAGE/search_product</property>
  <property name="source">C:\\Users\\QualtopGroup\\Katalon Studio\\QSSAT_Web_Liverpool\\Test Cases\\HOME_PAGE\\search_product.tc</property>
  <property name="tag"></property>
  <property name="isOptional">false</property>
</record>
<record>
  <date>2019-07-13T02:00:27</date>
  <millis>1563001227478</millis>
  <sequence>29</sequence>
  <level>INFO</level>
  <class>com.kms.katalon.core.logging.XmlKeywordLogger</class>
  <method>logMessage</method>
  <thread>1</thread>
  <message>nameProduct = Smartphone Motorola One Vision 128 GB moka AT&amp;amp;T</message>
  <nestedLevel>1</nestedLevel>
</record>
<record>
  <date>2019-07-13T02:00:28</date>
  <millis>1563001228139</millis>
  <sequence>30</sequence>
  <level>START</level>
  <class>com.kms.katalon.core.logging.XmlKeywordLogger</class>
  <method>startKeyword</method>
  <thread>1</thread>
  <message>Start action : waitForElementClickable(findTestObject(\&amp;quot;HOME_PAGE/Header/input_search\&amp;quot;), 3)</message>
  <nestedLevel>1</nestedLevel>
  <property name="startLine">20</property>
  <property name="stepIndex">1</property>
</record>
<record>
  <date>2019-07-13T02:00:28</date>
  <millis>1563001228443</millis>
  <sequence>37</sequence>
  <level>PASSED</level>
  <class>com.kms.katalon.core.logging.XmlKeywordLogger</class>
  <method>logMessage</method>
  <thread>1</thread>
  <message>Object &amp;apos;Object Repository/HOME_PAGE/Header/input_search&amp;apos; is clickable</message>
  <nestedLevel>1</nestedLevel>
</record>
<record>
  <date>2019-07-13T02:00:28</date>
  <millis>1563001228444</millis>
  <sequence>38</sequence>
  <level>END</level>
  <class>com.kms.katalon.core.logging.XmlKeywordLogger</class>
  <method>endKeyword</method>
  <thread>1</thread>
  <message>End action : waitForElementClickable(findTestObject(\&amp;quot;HOME_PAGE/Header/input_search\&amp;quot;), 3)</message>
  <nestedLevel>1</nestedLevel>
</record>
<record>
  <date>2019-07-13T02:00:28</date>
  <millis>1563001228445</millis>
  <sequence>39</sequence>
  <level>START</level>
  <class>com.kms.katalon.core.logging.XmlKeywordLogger</class>
  <method>startKeyword</method>
  <thread>1</thread>
  <message>Start action : setText(findTestObject(\&amp;quot;HOME_PAGE/Header/input_search\&amp;quot;), nameProduct)</message>
  <nestedLevel>1</nestedLevel>
  <property name="startLine">22</property>
  <property name="stepIndex">2</property>
</record>
<record>
  <date>2019-07-13T02:00:29</date>
  <millis>1563001229163</millis>
  <sequence>48</sequence>
  <level>PASSED</level>
  <class>com.kms.katalon.core.logging.XmlKeywordLogger</class>
  <method>logMessage</method>
  <thread>1</thread>
  <message>Text &amp;apos;Smartphone Motorola One Vision 128 GB moka AT&amp;amp;T&amp;apos; is set on object &amp;apos;Object Repository/HOME_PAGE/Header/input_search&amp;apos;</message>
  <nestedLevel>1</nestedLevel>
</record>
<record>
  <date>2019-07-13T02:00:29</date>
  <millis>1563001229164</millis>
  <sequence>49</sequence>
  <level>END</level>
  <class>com.kms.katalon.core.logging.XmlKeywordLogger</class>
  <method>endKeyword</method>
  <thread>1</thread>
  <message>End action : setText(findTestObject(\&amp;quot;HOME_PAGE/Header/input_search\&amp;quot;), nameProduct)</message>
  <nestedLevel>1</nestedLevel>
</record>
<record>
  <date>2019-07-13T02:00:29</date>
  <millis>1563001229165</millis>
  <sequence>50</sequence>
  <level>START</level>
  <class>com.kms.katalon.core.logging.XmlKeywordLogger</class>
  <method>startKeyword</method>
  <thread>1</thread>
  <message>Start action : click(findTestObject(\&amp;quot;HOME_PAGE/Header/button_search\&amp;quot;))</message>
  <nestedLevel>1</nestedLevel>
  <property name="startLine">24</property>
  <property name="stepIndex">3</property>
</record>
<record>
  <date>2019-07-13T02:00:31</date>
  <millis>1563001231822</millis>
  <sequence>57</sequence>
  <level>PASSED</level>
  <class>com.kms.katalon.core.logging.XmlKeywordLogger</class>
  <method>logMessage</method>
  <thread>1</thread>
  <message>Object: &amp;apos;Object Repository/HOME_PAGE/Header/button_search&amp;apos; is clicked on</message>
  <nestedLevel>1</nestedLevel>
</record>
<record>
  <date>2019-07-13T02:00:31</date>
  <millis>1563001231823</millis>
  <sequence>58</sequence>
  <level>END</level>
  <class>com.kms.katalon.core.logging.XmlKeywordLogger</class>
  <method>endKeyword</method>
  <thread>1</thread>
  <message>End action : click(findTestObject(\&amp;quot;HOME_PAGE/Header/button_search\&amp;quot;))</message>
  <nestedLevel>1</nestedLevel>
</record>
<record>
  <date>2019-07-13T02:00:31</date>
  <millis>1563001231824</millis>
  <sequence>59</sequence>
  <level>PASSED</level>
  <class>com.kms.katalon.core.logging.XmlKeywordLogger</class>
  <method>logMessage</method>
  <thread>1</thread>
  <message>Test Cases/HOME_PAGE/search_product</message>
  <nestedLevel>1</nestedLevel>
</record>
<record>
  <date>2019-07-13T02:00:31</date>
  <millis>1563001231825</millis>
  <sequence>60</sequence>
  <level>END</level>
  <class>com.kms.katalon.core.logging.XmlKeywordLogger</class>
  <method>endTest</method>
  <thread>1</thread>
  <message>End Test Case : Test Cases/HOME_PAGE/search_product</message>
  <nestedLevel>0</nestedLevel>
</record>
<record>
  <date>2019-07-13T02:00:31</date>
  <millis>1563001231834</millis>
  <sequence>61</sequence>
  <level>START</level>
  <class>com.kms.katalon.core.logging.XmlKeywordLogger</class>
  <method>startTest</method>
  <thread>1</thread>
  <message>Start Test Case : Test Cases/PRODUCTS/CatalogProducts/GridProducts/select_product_catalog</message>
  <nestedLevel>1</nestedLevel>
  <property name="name">Test Cases/PRODUCTS/CatalogProducts/GridProducts/select_product_catalog</property>
  <property name="description"></property>
  <property name="id">Test Cases/PRODUCTS/CatalogProducts/GridProducts/select_product_catalog</property>
  <property name="source">C:\\Users\\QualtopGroup\\Katalon Studio\\QSSAT_Web_Liverpool\\Test Cases\\PRODUCTS\\CatalogProducts\\GridProducts\\select_product_catalog.tc</property>
  <property name="tag"></property>
  <property name="isOptional">false</property>
</record>
<record>
  <date>2019-07-13T02:00:31</date>
  <millis>1563001231851</millis>
  <sequence>63</sequence>
  <level>INFO</level>
  <class>com.kms.katalon.core.logging.XmlKeywordLogger</class>
  <method>logMessage</method>
  <thread>1</thread>
  <message>nameProduct = Smartphone Motorola One Vision 128 GB moka AT&amp;amp;T</message>
  <nestedLevel>1</nestedLevel>
</record>
<record>
  <date>2019-07-13T02:00:32</date>
  <millis>1563001232297</millis>
  <sequence>64</sequence>
  <level>START</level>
  <class>com.kms.katalon.core.logging.XmlKeywordLogger</class>
  <method>startKeyword</method>
  <thread>1</thread>
  <message>Start action : waitForElementVisible(findTestObject(\&amp;quot;PRODUCTS/CatalogProducts/span_total-products\&amp;quot;), 3)</message>
  <nestedLevel>1</nestedLevel>
  <property name="startLine">16</property>
  <property name="stepIndex">1</property>
</record>
<record>
  <date>2019-07-13T02:00:32</date>
  <millis>1563001232381</millis>
  <sequence>71</sequence>
  <level>PASSED</level>
  <class>com.kms.katalon.core.logging.XmlKeywordLogger</class>
  <method>logMessage</method>
  <thread>1</thread>
  <message>Object &amp;apos;Object Repository/PRODUCTS/CatalogProducts/span_total-products&amp;apos; is visible</message>
  <nestedLevel>1</nestedLevel>
</record>
<record>
  <date>2019-07-13T02:00:32</date>
  <millis>1563001232382</millis>
  <sequence>72</sequence>
  <level>END</level>
  <class>com.kms.katalon.core.logging.XmlKeywordLogger</class>
  <method>endKeyword</method>
  <thread>1</thread>
  <message>End action : waitForElementVisible(findTestObject(\&amp;quot;PRODUCTS/CatalogProducts/span_total-products\&amp;quot;), 3)</message>
  <nestedLevel>1</nestedLevel>
</record>
<record>
  <date>2019-07-13T02:00:32</date>
  <millis>1563001232382</millis>
  <sequence>73</sequence>
  <level>START</level>
  <class>com.kms.katalon.core.logging.XmlKeywordLogger</class>
  <method>startKeyword</method>
  <thread>1</thread>
  <message>Start action : click(findTestObject(\&amp;quot;PRODUCTS/CatalogProducts/li_product\&amp;quot;, [\&amp;quot;nameProduct\&amp;quot;:nameProduct]))</message>
  <nestedLevel>1</nestedLevel>
  <property name="startLine">18</property>
  <property name="stepIndex">2</property>
</record>
<record>
  <date>2019-07-13T02:00:37</date>
  <millis>1563001237680</millis>
  <sequence>80</sequence>
  <level>PASSED</level>
  <class>com.kms.katalon.core.logging.XmlKeywordLogger</class>
  <method>logMessage</method>
  <thread>1</thread>
  <message>Object: &amp;apos;Object Repository/PRODUCTS/CatalogProducts/li_product&amp;apos; is clicked on</message>
  <nestedLevel>1</nestedLevel>
</record>
<record>
  <date>2019-07-13T02:00:37</date>
  <millis>1563001237681</millis>
  <sequence>81</sequence>
  <level>END</level>
  <class>com.kms.katalon.core.logging.XmlKeywordLogger</class>
  <method>endKeyword</method>
  <thread>1</thread>
  <message>End action : click(findTestObject(\&amp;quot;PRODUCTS/CatalogProducts/li_product\&amp;quot;, [\&amp;quot;nameProduct\&amp;quot;:nameProduct]))</message>
  <nestedLevel>1</nestedLevel>
</record>
<record>
  <date>2019-07-13T02:00:37</date>
  <millis>1563001237682</millis>
  <sequence>82</sequence>
  <level>START</level>
  <class>com.kms.katalon.core.logging.XmlKeywordLogger</class>
  <method>startKeyword</method>
  <thread>1</thread>
  <message>Start action : waitForElementNotVisible(findTestObject(\&amp;quot;PRODUCTS/CatalogProducts/span_total-products\&amp;quot;), 3)</message>
  <nestedLevel>1</nestedLevel>
  <property name="startLine">20</property>
  <property name="stepIndex">3</property>
</record>
<record>
  <date>2019-07-13T02:00:40</date>
  <millis>1563001240803</millis>
  <sequence>88</sequence>
  <level>INFO</level>
  <class>com.kms.katalon.core.logging.XmlKeywordLogger</class>
  <method>logMessage</method>
  <thread>1</thread>
  <message>Unable to find the element located by &amp;apos;By.xpath: //div[@id=&amp;apos;product-total&amp;apos;]/p/span&amp;apos;. Please recheck the objects properties to make sure the desired element is located. </message>
  <nestedLevel>1</nestedLevel>
</record>
<record>
  <date>2019-07-13T02:00:40</date>
  <millis>1563001240818</millis>
  <sequence>90</sequence>
  <level>WARNING</level>
  <class>com.kms.katalon.core.logging.XmlKeywordLogger</class>
  <method>logMessage</method>
  <thread>1</thread>
  <message>Web element with id: &amp;apos;Object Repository/PRODUCTS/CatalogProducts/span_total-products&amp;apos; located by &amp;apos;By.xpath: //div[@id=&amp;apos;product-total&amp;apos;]/p/span&amp;apos; not found</message>
  <nestedLevel>1</nestedLevel>
  <property name="failed.exception.class">com.kms.katalon.core.webui.exception.WebElementNotFoundException</property>
  <property name="failed.exception.stacktrace">com.kms.katalon.core.webui.exception.WebElementNotFoundException: Web element with id: &apos;Object Repository/PRODUCTS/CatalogProducts/span_total-products&apos; located by &apos;By.xpath: //div[@id=&apos;product-total&apos;]/p/span&apos; not found\r\n\tat com.kms.katalon.core.webui.common.WebUiCommonHelper.findWebElement(WebUiCommonHelper.java:1097)\r\n\tat com.kms.katalon.core.webui.keyword.internal.WebUIAbstractKeyword.findWebElement(WebUIAbstractKeyword.groovy:27)\r\n\tat com.kms.katalon.core.webui.keyword.builtin.WaitForElementNotVisibleKeyword$_waitForElementNotVisible_closure1.doCall(WaitForElementNotVisibleKeyword.groovy:80)\r\n\tat com.kms.katalon.core.webui.keyword.builtin.WaitForElementNotVisibleKeyword$_waitForElementNotVisible_closure1.call(WaitForElementNotVisibleKeyword.groovy)\r\n\tat com.kms.katalon.core.webui.keyword.internal.WebUIKeywordMain.runKeyword(WebUIKeywordMain.groovy:20)\r\n\tat com.kms.katalon.core.webui.keyword.builtin.WaitForElementNotVisibleKeyword.waitForElementNotVisible(WaitForElementNotVisibleKeyword.groovy:109)\r\n\tat com.kms.katalon.core.webui.keyword.builtin.WaitForElementNotVisibleKeyword.execute(WaitForElementNotVisibleKeyword.groovy:68)\r\n\tat com.kms.katalon.core.keyword.internal.KeywordExecutor.executeKeywordForPlatform(KeywordExecutor.groovy:56)\r\n\tat com.kms.katalon.core.webui.keyword.WebUiBuiltInKeywords.waitForElementNotVisible(WebUiBuiltInKeywords.groovy:467)\r\n\tat com.kms.katalon.core.webui.keyword.WebUiBuiltInKeywords$waitForElementNotVisible$5.call(Unknown Source)\r\n\tat select_product_catalog.run(select_product_catalog:20)\r\n\tat com.kms.katalon.core.main.ScriptEngine.run(ScriptEngine.java:194)\r\n\tat com.kms.katalon.core.main.ScriptEngine.runScriptAsRawText(ScriptEngine.java:119)\r\n\tat com.kms.katalon.core.main.TestCaseExecutor.runScript(TestCaseExecutor.java:337)\r\n\tat com.kms.katalon.core.main.TestCaseExecutor.doExecute(TestCaseExecutor.java:328)\r\n\tat com.kms.katalon.core.main.TestCaseExecutor.processExecutionPhase(TestCaseExecutor.java:307)\r\n\tat com.kms.katalon.core.main.TestCaseExecutor.accessMainPhase(TestCaseExecutor.java:299)\r\n\tat com.kms.katalon.core.main.TestCaseExecutor.execute(TestCaseExecutor.java:233)\r\n\tat com.kms.katalon.core.main.TestSuiteExecutor.accessTestCaseMainPhase(TestSuiteExecutor.java:133)\r\n\tat com.kms.katalon.core.main.TestSuiteExecutor.accessTestSuiteMainPhase(TestSuiteExecutor.java:116)\r\n\tat com.kms.katalon.core.main.TestSuiteExecutor.execute(TestSuiteExecutor.java:83)\r\n\tat com.kms.katalon.core.main.TestCaseMain.startTestSuite(TestCaseMain.java:157)\r\n\tat com.kms.katalon.core.main.TestCaseMain$startTestSuite$0.call(Unknown Source)\r\n\tat TempTestSuite1563001209134.run(TempTestSuite1563001209134.groovy:35)\r\n</property>
  <property name="failed.exception.message">Web element with id: &apos;Object Repository/PRODUCTS/CatalogProducts/span_total-products&apos; located by &apos;By.xpath: //div[@id=&apos;product-total&apos;]/p/span&apos; not found</property>
</record>
<record>
  <date>2019-07-13T02:00:40</date>
  <millis>1563001240823</millis>
  <sequence>91</sequence>
  <level>END</level>
  <class>com.kms.katalon.core.logging.XmlKeywordLogger</class>
  <method>endKeyword</method>
  <thread>1</thread>
  <message>End action : waitForElementNotVisible(findTestObject(\&amp;quot;PRODUCTS/CatalogProducts/span_total-products\&amp;quot;), 3)</message>
  <nestedLevel>1</nestedLevel>
</record>
<record>
  <date>2019-07-13T02:00:40</date>
  <millis>1563001240824</millis>
  <sequence>92</sequence>
  <level>PASSED</level>
  <class>com.kms.katalon.core.logging.XmlKeywordLogger</class>
  <method>logMessage</method>
  <thread>1</thread>
  <message>Test Cases/PRODUCTS/CatalogProducts/GridProducts/select_product_catalog</message>
  <nestedLevel>1</nestedLevel>
</record>
<record>
  <date>2019-07-13T02:00:40</date>
  <millis>1563001240826</millis>
  <sequence>93</sequence>
  <level>END</level>
  <class>com.kms.katalon.core.logging.XmlKeywordLogger</class>
  <method>endTest</method>
  <thread>1</thread>
  <message>End Test Case : Test Cases/PRODUCTS/CatalogProducts/GridProducts/select_product_catalog</message>
  <nestedLevel>0</nestedLevel>
</record>
<record>
  <date>2019-07-13T02:00:40</date>
  <millis>1563001240834</millis>
  <sequence>94</sequence>
  <level>START</level>
  <class>com.kms.katalon.core.logging.XmlKeywordLogger</class>
  <method>startTest</method>
  <thread>1</thread>
  <message>Start Test Case : Test Cases/PRODUCTS/DetailProduct/ProductOpinion/access_product_opinion</message>
  <nestedLevel>1</nestedLevel>
  <property name="name">Test Cases/PRODUCTS/DetailProduct/ProductOpinion/access_product_opinion</property>
  <property name="description"></property>
  <property name="id">Test Cases/PRODUCTS/DetailProduct/ProductOpinion/access_product_opinion</property>
  <property name="source">C:\\Users\\QualtopGroup\\Katalon Studio\\QSSAT_Web_Liverpool\\Test Cases\\PRODUCTS\\DetailProduct\\ProductOpinion\\access_product_opinion.tc</property>
  <property name="tag"></property>
  <property name="isOptional">false</property>
</record>
<record>
  <date>2019-07-13T02:00:41</date>
  <millis>1563001241136</millis>
  <sequence>96</sequence>
  <level>START</level>
  <class>com.kms.katalon.core.logging.XmlKeywordLogger</class>
  <method>startKeyword</method>
  <thread>1</thread>
  <message>Start action : waitForElementVisible(findTestObject(\&amp;quot;PRODUCTS/DetailProduct/ProductOpinion/button_opinion\&amp;quot;), 3)</message>
  <nestedLevel>1</nestedLevel>
  <property name="startLine">16</property>
  <property name="stepIndex">1</property>
</record>
<record>
  <date>2019-07-13T02:00:41</date>
  <millis>1563001241241</millis>
  <sequence>103</sequence>
  <level>PASSED</level>
  <class>com.kms.katalon.core.logging.XmlKeywordLogger</class>
  <method>logMessage</method>
  <thread>1</thread>
  <message>Object &amp;apos;Object Repository/PRODUCTS/DetailProduct/ProductOpinion/button_opinion&amp;apos; is visible</message>
  <nestedLevel>1</nestedLevel>
</record>
<record>
  <date>2019-07-13T02:00:41</date>
  <millis>1563001241241</millis>
  <sequence>104</sequence>
  <level>END</level>
  <class>com.kms.katalon.core.logging.XmlKeywordLogger</class>
  <method>endKeyword</method>
  <thread>1</thread>
  <message>End action : waitForElementVisible(findTestObject(\&amp;quot;PRODUCTS/DetailProduct/ProductOpinion/button_opinion\&amp;quot;), 3)</message>
  <nestedLevel>1</nestedLevel>
</record>
<record>
  <date>2019-07-13T02:00:41</date>
  <millis>1563001241241</millis>
  <sequence>105</sequence>
  <level>START</level>
  <class>com.kms.katalon.core.logging.XmlKeywordLogger</class>
  <method>startKeyword</method>
  <thread>1</thread>
  <message>Start action : click(findTestObject(\&amp;quot;PRODUCTS/DetailProduct/ProductOpinion/button_opinion\&amp;quot;))</message>
  <nestedLevel>1</nestedLevel>
  <property name="startLine">18</property>
  <property name="stepIndex">2</property>
</record>
<record>
  <date>2019-07-13T02:00:41</date>
  <millis>1563001241633</millis>
  <sequence>112</sequence>
  <level>PASSED</level>
  <class>com.kms.katalon.core.logging.XmlKeywordLogger</class>
  <method>logMessage</method>
  <thread>1</thread>
  <message>Object: &amp;apos;Object Repository/PRODUCTS/DetailProduct/ProductOpinion/button_opinion&amp;apos; is clicked on</message>
  <nestedLevel>1</nestedLevel>
</record>
<record>
  <date>2019-07-13T02:00:41</date>
  <millis>1563001241634</millis>
  <sequence>113</sequence>
  <level>END</level>
  <class>com.kms.katalon.core.logging.XmlKeywordLogger</class>
  <method>endKeyword</method>
  <thread>1</thread>
  <message>End action : click(findTestObject(\&amp;quot;PRODUCTS/DetailProduct/ProductOpinion/button_opinion\&amp;quot;))</message>
  <nestedLevel>1</nestedLevel>
</record>
<record>
  <date>2019-07-13T02:00:41</date>
  <millis>1563001241634</millis>
  <sequence>114</sequence>
  <level>START</level>
  <class>com.kms.katalon.core.logging.XmlKeywordLogger</class>
  <method>startKeyword</method>
  <thread>1</thread>
  <message>Start action : waitForElementVisible(findTestObject(\&amp;quot;PRODUCTS/DetailProduct/ProductOpinion/button_send-opinion\&amp;quot;), 3)</message>
  <nestedLevel>1</nestedLevel>
  <property name="startLine">20</property>
  <property name="stepIndex">3</property>
</record>
<record>
  <date>2019-07-13T02:00:42</date>
  <millis>1563001242269</millis>
  <sequence>121</sequence>
  <level>PASSED</level>
  <class>com.kms.katalon.core.logging.XmlKeywordLogger</class>
  <method>logMessage</method>
  <thread>1</thread>
  <message>Object &amp;apos;Object Repository/PRODUCTS/DetailProduct/ProductOpinion/button_send-opinion&amp;apos; is visible</message>
  <nestedLevel>1</nestedLevel>
</record>
<record>
  <date>2019-07-13T02:00:42</date>
  <millis>1563001242270</millis>
  <sequence>122</sequence>
  <level>END</level>
  <class>com.kms.katalon.core.logging.XmlKeywordLogger</class>
  <method>endKeyword</method>
  <thread>1</thread>
  <message>End action : waitForElementVisible(findTestObject(\&amp;quot;PRODUCTS/DetailProduct/ProductOpinion/button_send-opinion\&amp;quot;), 3)</message>
  <nestedLevel>1</nestedLevel>
</record>
<record>
  <date>2019-07-13T02:00:42</date>
  <millis>1563001242270</millis>
  <sequence>123</sequence>
  <level>PASSED</level>
  <class>com.kms.katalon.core.logging.XmlKeywordLogger</class>
  <method>logMessage</method>
  <thread>1</thread>
  <message>Test Cases/PRODUCTS/DetailProduct/ProductOpinion/access_product_opinion</message>
  <nestedLevel>1</nestedLevel>
</record>
<record>
  <date>2019-07-13T02:00:42</date>
  <millis>1563001242271</millis>
  <sequence>124</sequence>
  <level>END</level>
  <class>com.kms.katalon.core.logging.XmlKeywordLogger</class>
  <method>endTest</method>
  <thread>1</thread>
  <message>End Test Case : Test Cases/PRODUCTS/DetailProduct/ProductOpinion/access_product_opinion</message>
  <nestedLevel>0</nestedLevel>
</record>
<record>
  <date>2019-07-13T02:00:42</date>
  <millis>1563001242276</millis>
  <sequence>125</sequence>
  <level>START</level>
  <class>com.kms.katalon.core.logging.XmlKeywordLogger</class>
  <method>startTest</method>
  <thread>1</thread>
  <message>Start Test Case : Test Cases/PRODUCTS/DetailProduct/ProductOpinion/send_opinion</message>
  <nestedLevel>1</nestedLevel>
  <property name="name">Test Cases/PRODUCTS/DetailProduct/ProductOpinion/send_opinion</property>
  <property name="description"></property>
  <property name="id">Test Cases/PRODUCTS/DetailProduct/ProductOpinion/send_opinion</property>
  <property name="source">C:\\Users\\QualtopGroup\\Katalon Studio\\QSSAT_Web_Liverpool\\Test Cases\\PRODUCTS\\DetailProduct\\ProductOpinion\\send_opinion.tc</property>
  <property name="tag"></property>
  <property name="isOptional">false</property>
</record>
<record>
  <date>2019-07-13T02:00:42</date>
  <millis>1563001242754</millis>
  <sequence>127</sequence>
  <level>START</level>
  <class>com.kms.katalon.core.logging.XmlKeywordLogger</class>
  <method>startKeyword</method>
  <thread>1</thread>
  <message>Start action : waitForElementVisible(findTestObject(\&amp;quot;PRODUCTS/DetailProduct/ProductOpinion/button_send-opinion\&amp;quot;), 3)</message>
  <nestedLevel>1</nestedLevel>
  <property name="startLine">16</property>
  <property name="stepIndex">1</property>
</record>
<record>
  <date>2019-07-13T02:00:42</date>
  <millis>1563001242825</millis>
  <sequence>134</sequence>
  <level>PASSED</level>
  <class>com.kms.katalon.core.logging.XmlKeywordLogger</class>
  <method>logMessage</method>
  <thread>1</thread>
  <message>Object &amp;apos;Object Repository/PRODUCTS/DetailProduct/ProductOpinion/button_send-opinion&amp;apos; is visible</message>
  <nestedLevel>1</nestedLevel>
</record>
<record>
  <date>2019-07-13T02:00:42</date>
  <millis>1563001242825</millis>
  <sequence>135</sequence>
  <level>END</level>
  <class>com.kms.katalon.core.logging.XmlKeywordLogger</class>
  <method>endKeyword</method>
  <thread>1</thread>
  <message>End action : waitForElementVisible(findTestObject(\&amp;quot;PRODUCTS/DetailProduct/ProductOpinion/button_send-opinion\&amp;quot;), 3)</message>
  <nestedLevel>1</nestedLevel>
</record>
<record>
  <date>2019-07-13T02:00:42</date>
  <millis>1563001242826</millis>
  <sequence>136</sequence>
  <level>START</level>
  <class>com.kms.katalon.core.logging.XmlKeywordLogger</class>
  <method>startKeyword</method>
  <thread>1</thread>
  <message>Start action : clickOffset(findTestObject(\&amp;quot;PRODUCTS/DetailProduct/ProductOpinion/icons_raiting\&amp;quot;), 0, 10)</message>
  <nestedLevel>1</nestedLevel>
  <property name="startLine">18</property>
  <property name="stepIndex">2</property>
</record>
<record>
  <date>2019-07-13T02:00:43</date>
  <millis>1563001243106</millis>
  <sequence>144</sequence>
  <level>PASSED</level>
  <class>com.kms.katalon.core.logging.XmlKeywordLogger</class>
  <method>logMessage</method>
  <thread>1</thread>
  <message>Object: &amp;apos;Object Repository/PRODUCTS/DetailProduct/ProductOpinion/icons_raiting&amp;apos; is clicked on using offset x=0 and y=10</message>
  <nestedLevel>1</nestedLevel>
</record>
<record>
  <date>2019-07-13T02:00:43</date>
  <millis>1563001243107</millis>
  <sequence>145</sequence>
  <level>END</level>
  <class>com.kms.katalon.core.logging.XmlKeywordLogger</class>
  <method>endKeyword</method>
  <thread>1</thread>
  <message>End action : clickOffset(findTestObject(\&amp;quot;PRODUCTS/DetailProduct/ProductOpinion/icons_raiting\&amp;quot;), 0, 10)</message>
  <nestedLevel>1</nestedLevel>
</record>
<record>
  <date>2019-07-13T02:00:43</date>
  <millis>1563001243107</millis>
  <sequence>146</sequence>
  <level>START</level>
  <class>com.kms.katalon.core.logging.XmlKeywordLogger</class>
  <method>startKeyword</method>
  <thread>1</thread>
  <message>Start action : setText(findTestObject(\&amp;quot;PRODUCTS/DetailProduct/ProductOpinion/input_title-opinion\&amp;quot;), \&amp;quot;\u00A1\u00A1Excelente servicio!!\&amp;quot;)</message>
  <nestedLevel>1</nestedLevel>
  <property name="startLine">20</property>
  <property name="stepIndex">3</property>
</record>
<record>
  <date>2019-07-13T02:00:43</date>
  <millis>1563001243328</millis>
  <sequence>155</sequence>
  <level>PASSED</level>
  <class>com.kms.katalon.core.logging.XmlKeywordLogger</class>
  <method>logMessage</method>
  <thread>1</thread>
  <message>Text &amp;apos;\u00A1\u00A1Excelente servicio!!&amp;apos; is set on object &amp;apos;Object Repository/PRODUCTS/DetailProduct/ProductOpinion/input_title-opinion&amp;apos;</message>
  <nestedLevel>1</nestedLevel>
</record>
<record>
  <date>2019-07-13T02:00:43</date>
  <millis>1563001243329</millis>
  <sequence>156</sequence>
  <level>END</level>
  <class>com.kms.katalon.core.logging.XmlKeywordLogger</class>
  <method>endKeyword</method>
  <thread>1</thread>
  <message>End action : setText(findTestObject(\&amp;quot;PRODUCTS/DetailProduct/ProductOpinion/input_title-opinion\&amp;quot;), \&amp;quot;\u00A1\u00A1Excelente servicio!!\&amp;quot;)</message>
  <nestedLevel>1</nestedLevel>
</record>
<record>
  <date>2019-07-13T02:00:43</date>
  <millis>1563001243330</millis>
  <sequence>157</sequence>
  <level>START</level>
  <class>com.kms.katalon.core.logging.XmlKeywordLogger</class>
  <method>startKeyword</method>
  <thread>1</thread>
  <message>Start action : setText(findTestObject(\&amp;quot;PRODUCTS/DetailProduct/ProductOpinion/input_write-opinion\&amp;quot;), \&amp;quot;Cinco estrellas Aut_Test\&amp;quot;)</message>
  <nestedLevel>1</nestedLevel>
  <property name="startLine">22</property>
  <property name="stepIndex">4</property>
</record>
<record>
  <date>2019-07-13T02:00:43</date>
  <millis>1563001243501</millis>
  <sequence>166</sequence>
  <level>PASSED</level>
  <class>com.kms.katalon.core.logging.XmlKeywordLogger</class>
  <method>logMessage</method>
  <thread>1</thread>
  <message>Text &amp;apos;Cinco estrellas Aut_Test&amp;apos; is set on object &amp;apos;Object Repository/PRODUCTS/DetailProduct/ProductOpinion/input_write-opinion&amp;apos;</message>
  <nestedLevel>1</nestedLevel>
</record>
<record>
  <date>2019-07-13T02:00:43</date>
  <millis>1563001243503</millis>
  <sequence>167</sequence>
  <level>END</level>
  <class>com.kms.katalon.core.logging.XmlKeywordLogger</class>
  <method>endKeyword</method>
  <thread>1</thread>
  <message>End action : setText(findTestObject(\&amp;quot;PRODUCTS/DetailProduct/ProductOpinion/input_write-opinion\&amp;quot;), \&amp;quot;Cinco estrellas Aut_Test\&amp;quot;)</message>
  <nestedLevel>1</nestedLevel>
</record>
<record>
  <date>2019-07-13T02:00:43</date>
  <millis>1563001243504</millis>
  <sequence>168</sequence>
  <level>START</level>
  <class>com.kms.katalon.core.logging.XmlKeywordLogger</class>
  <method>startKeyword</method>
  <thread>1</thread>
  <message>Start action : click(findTestObject(\&amp;quot;PRODUCTS/DetailProduct/ProductOpinion/button_add-photo\&amp;quot;))</message>
  <nestedLevel>1</nestedLevel>
  <property name="startLine">24</property>
  <property name="stepIndex">5</property>
</record>
<record>
  <date>2019-07-13T02:00:43</date>
  <millis>1563001243872</millis>
  <sequence>175</sequence>
  <level>PASSED</level>
  <class>com.kms.katalon.core.logging.XmlKeywordLogger</class>
  <method>logMessage</method>
  <thread>1</thread>
  <message>Object: &amp;apos;Object Repository/PRODUCTS/DetailProduct/ProductOpinion/button_add-photo&amp;apos; is clicked on</message>
  <nestedLevel>1</nestedLevel>
</record>
<record>
  <date>2019-07-13T02:00:43</date>
  <millis>1563001243874</millis>
  <sequence>176</sequence>
  <level>END</level>
  <class>com.kms.katalon.core.logging.XmlKeywordLogger</class>
  <method>endKeyword</method>
  <thread>1</thread>
  <message>End action : click(findTestObject(\&amp;quot;PRODUCTS/DetailProduct/ProductOpinion/button_add-photo\&amp;quot;))</message>
  <nestedLevel>1</nestedLevel>
</record>
<record>
  <date>2019-07-13T02:00:43</date>
  <millis>1563001243874</millis>
  <sequence>177</sequence>
  <level>START</level>
  <class>com.kms.katalon.core.logging.XmlKeywordLogger</class>
  <method>startKeyword</method>
  <thread>1</thread>
  <message>Start action : waitForElementClickable(findTestObject(\&amp;quot;PRODUCTS/DetailProduct/ProductOpinion/input_upload-photo\&amp;quot;), 3)</message>
  <nestedLevel>1</nestedLevel>
  <property name="startLine">26</property>
  <property name="stepIndex">6</property>
</record>
<record>
  <date>2019-07-13T02:00:43</date>
  <millis>1563001243904</millis>
  <sequence>184</sequence>
  <level>PASSED</level>
  <class>com.kms.katalon.core.logging.XmlKeywordLogger</class>
  <method>logMessage</method>
  <thread>1</thread>
  <message>Object &amp;apos;Object Repository/PRODUCTS/DetailProduct/ProductOpinion/input_upload-photo&amp;apos; is clickable</message>
  <nestedLevel>1</nestedLevel>
</record>
<record>
  <date>2019-07-13T02:00:43</date>
  <millis>1563001243905</millis>
  <sequence>185</sequence>
  <level>END</level>
  <class>com.kms.katalon.core.logging.XmlKeywordLogger</class>
  <method>endKeyword</method>
  <thread>1</thread>
  <message>End action : waitForElementClickable(findTestObject(\&amp;quot;PRODUCTS/DetailProduct/ProductOpinion/input_upload-photo\&amp;quot;), 3)</message>
  <nestedLevel>1</nestedLevel>
</record>
<record>
  <date>2019-07-13T02:00:43</date>
  <millis>1563001243906</millis>
  <sequence>186</sequence>
  <level>START</level>
  <class>com.kms.katalon.core.logging.XmlKeywordLogger</class>
  <method>startKeyword</method>
  <thread>1</thread>
  <message>Start action : uploadFile(findTestObject(\&amp;quot;PRODUCTS/DetailProduct/ProductOpinion/input_upload-photo\&amp;quot;), \&amp;quot;C:\\Users\\QualtopGroup\\Katalon Studio\\QSSAT_Web_Liverpool\\Files\\img.png\&amp;quot;)</message>
  <nestedLevel>1</nestedLevel>
  <property name="startLine">28</property>
  <property name="stepIndex">7</property>
</record>
<record>
  <date>2019-07-13T02:00:43</date>
  <millis>1563001243983</millis>
  <sequence>193</sequence>
  <level>PASSED</level>
  <class>com.kms.katalon.core.logging.XmlKeywordLogger</class>
  <method>logMessage</method>
  <thread>1</thread>
  <message>File &amp;apos;C:\\Users\\QualtopGroup\\Katalon Studio\\QSSAT_Web_Liverpool\\Files\\img.png&amp;apos; sent to object: &amp;apos;Object Repository/PRODUCTS/DetailProduct/ProductOpinion/input_upload-photo&amp;apos;</message>
  <nestedLevel>1</nestedLevel>
</record>
<record>
  <date>2019-07-13T02:00:43</date>
  <millis>1563001243984</millis>
  <sequence>194</sequence>
  <level>END</level>
  <class>com.kms.katalon.core.logging.XmlKeywordLogger</class>
  <method>endKeyword</method>
  <thread>1</thread>
  <message>End action : uploadFile(findTestObject(\&amp;quot;PRODUCTS/DetailProduct/ProductOpinion/input_upload-photo\&amp;quot;), \&amp;quot;C:\\Users\\QualtopGroup\\Katalon Studio\\QSSAT_Web_Liverpool\\Files\\img.png\&amp;quot;)</message>
  <nestedLevel>1</nestedLevel>
</record>
<record>
  <date>2019-07-13T02:00:43</date>
  <millis>1563001243985</millis>
  <sequence>195</sequence>
  <level>START</level>
  <class>com.kms.katalon.core.logging.XmlKeywordLogger</class>
  <method>startKeyword</method>
  <thread>1</thread>
  <message>Start action : click(findTestObject(\&amp;quot;PRODUCTS/DetailProduct/ProductOpinion/button_accept-add-photo\&amp;quot;))</message>
  <nestedLevel>1</nestedLevel>
  <property name="startLine">30</property>
  <property name="stepIndex">8</property>
</record>
<record>
  <date>2019-07-13T02:00:44</date>
  <millis>1563001244424</millis>
  <sequence>202</sequence>
  <level>PASSED</level>
  <class>com.kms.katalon.core.logging.XmlKeywordLogger</class>
  <method>logMessage</method>
  <thread>1</thread>
  <message>Object: &amp;apos;Object Repository/PRODUCTS/DetailProduct/ProductOpinion/button_accept-add-photo&amp;apos; is clicked on</message>
  <nestedLevel>1</nestedLevel>
</record>
<record>
  <date>2019-07-13T02:00:44</date>
  <millis>1563001244425</millis>
  <sequence>203</sequence>
  <level>END</level>
  <class>com.kms.katalon.core.logging.XmlKeywordLogger</class>
  <method>endKeyword</method>
  <thread>1</thread>
  <message>End action : click(findTestObject(\&amp;quot;PRODUCTS/DetailProduct/ProductOpinion/button_accept-add-photo\&amp;quot;))</message>
  <nestedLevel>1</nestedLevel>
</record>
<record>
  <date>2019-07-13T02:00:44</date>
  <millis>1563001244425</millis>
  <sequence>204</sequence>
  <level>START</level>
  <class>com.kms.katalon.core.logging.XmlKeywordLogger</class>
  <method>startKeyword</method>
  <thread>1</thread>
  <message>Start action : waitForElementNotVisible(findTestObject(\&amp;quot;PRODUCTS/DetailProduct/ProductOpinion/icon_load-photo\&amp;quot;), 10)</message>
  <nestedLevel>1</nestedLevel>
  <property name="startLine">32</property>
  <property name="stepIndex">9</property>
</record>
<record>
  <date>2019-07-13T02:00:47</date>
  <millis>1563001247708</millis>
  <sequence>211</sequence>
  <level>PASSED</level>
  <class>com.kms.katalon.core.logging.XmlKeywordLogger</class>
  <method>logMessage</method>
  <thread>1</thread>
  <message>Object &amp;apos;Object Repository/PRODUCTS/DetailProduct/ProductOpinion/icon_load-photo&amp;apos; is NOT visible</message>
  <nestedLevel>1</nestedLevel>
</record>
<record>
  <date>2019-07-13T02:00:47</date>
  <millis>1563001247709</millis>
  <sequence>212</sequence>
  <level>END</level>
  <class>com.kms.katalon.core.logging.XmlKeywordLogger</class>
  <method>endKeyword</method>
  <thread>1</thread>
  <message>End action : waitForElementNotVisible(findTestObject(\&amp;quot;PRODUCTS/DetailProduct/ProductOpinion/icon_load-photo\&amp;quot;), 10)</message>
  <nestedLevel>1</nestedLevel>
</record>
<record>
  <date>2019-07-13T02:00:47</date>
  <millis>1563001247709</millis>
  <sequence>213</sequence>
  <level>START</level>
  <class>com.kms.katalon.core.logging.XmlKeywordLogger</class>
  <method>startKeyword</method>
  <thread>1</thread>
  <message>Start action : click(findTestObject(\&amp;quot;PRODUCTS/DetailProduct/ProductOpinion/button_accept-add-photo\&amp;quot;))</message>
  <nestedLevel>1</nestedLevel>
  <property name="startLine">34</property>
  <property name="stepIndex">10</property>
</record>
<record>
  <date>2019-07-13T02:00:48</date>
  <millis>1563001248030</millis>
  <sequence>220</sequence>
  <level>PASSED</level>
  <class>com.kms.katalon.core.logging.XmlKeywordLogger</class>
  <method>logMessage</method>
  <thread>1</thread>
  <message>Object: &amp;apos;Object Repository/PRODUCTS/DetailProduct/ProductOpinion/button_accept-add-photo&amp;apos; is clicked on</message>
  <nestedLevel>1</nestedLevel>
</record>
<record>
  <date>2019-07-13T02:00:48</date>
  <millis>1563001248030</millis>
  <sequence>221</sequence>
  <level>END</level>
  <class>com.kms.katalon.core.logging.XmlKeywordLogger</class>
  <method>endKeyword</method>
  <thread>1</thread>
  <message>End action : click(findTestObject(\&amp;quot;PRODUCTS/DetailProduct/ProductOpinion/button_accept-add-photo\&amp;quot;))</message>
  <nestedLevel>1</nestedLevel>
</record>
<record>
  <date>2019-07-13T02:00:48</date>
  <millis>1563001248031</millis>
  <sequence>222</sequence>
  <level>START</level>
  <class>com.kms.katalon.core.logging.XmlKeywordLogger</class>
  <method>startKeyword</method>
  <thread>1</thread>
  <message>Start action : click(findTestObject(\&amp;quot;PRODUCTS/DetailProduct/ProductOpinion/button_send-opinion\&amp;quot;))</message>
  <nestedLevel>1</nestedLevel>
  <property name="startLine">36</property>
  <property name="stepIndex">11</property>
</record>
<record>
  <date>2019-07-13T02:00:48</date>
  <millis>1563001248362</millis>
  <sequence>229</sequence>
  <level>PASSED</level>
  <class>com.kms.katalon.core.logging.XmlKeywordLogger</class>
  <method>logMessage</method>
  <thread>1</thread>
  <message>Object: &amp;apos;Object Repository/PRODUCTS/DetailProduct/ProductOpinion/button_send-opinion&amp;apos; is clicked on</message>
  <nestedLevel>1</nestedLevel>
</record>
<record>
  <date>2019-07-13T02:00:48</date>
  <millis>1563001248362</millis>
  <sequence>230</sequence>
  <level>END</level>
  <class>com.kms.katalon.core.logging.XmlKeywordLogger</class>
  <method>endKeyword</method>
  <thread>1</thread>
  <message>End action : click(findTestObject(\&amp;quot;PRODUCTS/DetailProduct/ProductOpinion/button_send-opinion\&amp;quot;))</message>
  <nestedLevel>1</nestedLevel>
</record>
<record>
  <date>2019-07-13T02:00:48</date>
  <millis>1563001248362</millis>
  <sequence>231</sequence>
  <level>PASSED</level>
  <class>com.kms.katalon.core.logging.XmlKeywordLogger</class>
  <method>logMessage</method>
  <thread>1</thread>
  <message>Test Cases/PRODUCTS/DetailProduct/ProductOpinion/send_opinion</message>
  <nestedLevel>1</nestedLevel>
</record>
<record>
  <date>2019-07-13T02:00:48</date>
  <millis>1563001248363</millis>
  <sequence>232</sequence>
  <level>END</level>
  <class>com.kms.katalon.core.logging.XmlKeywordLogger</class>
  <method>endTest</method>
  <thread>1</thread>
  <message>End Test Case : Test Cases/PRODUCTS/DetailProduct/ProductOpinion/send_opinion</message>
  <nestedLevel>0</nestedLevel>
</record>
<record>
  <date>2019-07-13T02:00:48</date>
  <millis>1563001248368</millis>
  <sequence>233</sequence>
  <level>START</level>
  <class>com.kms.katalon.core.logging.XmlKeywordLogger</class>
  <method>startTest</method>
  <thread>1</thread>
  <message>Start Test Case : Test Cases/SET_UP_BROWSER/close_browser</message>
  <nestedLevel>1</nestedLevel>
  <property name="name">Test Cases/SET_UP_BROWSER/close_browser</property>
  <property name="description"></property>
  <property name="id">Test Cases/SET_UP_BROWSER/close_browser</property>
  <property name="source">C:\\Users\\QualtopGroup\\Katalon Studio\\QSSAT_Web_Liverpool\\Test Cases\\SET_UP_BROWSER\\close_browser.tc</property>
  <property name="tag"></property>
  <property name="isOptional">false</property>
</record>
<record>
  <date>2019-07-13T02:00:48</date>
  <millis>1563001248766</millis>
  <sequence>235</sequence>
  <level>START</level>
  <class>com.kms.katalon.core.logging.XmlKeywordLogger</class>
  <method>startKeyword</method>
  <thread>1</thread>
  <message>Start action : closeBrowser()</message>
  <nestedLevel>1</nestedLevel>
  <property name="startLine">16</property>
  <property name="stepIndex">1</property>
</record>
<record>
  <date>2019-07-13T02:00:51</date>
  <millis>1563001251645</millis>
  <sequence>237</sequence>
  <level>PASSED</level>
  <class>com.kms.katalon.core.logging.XmlKeywordLogger</class>
  <method>logMessage</method>
  <thread>1</thread>
  <message>Browser is closed</message>
  <nestedLevel>1</nestedLevel>
</record>
<record>
  <date>2019-07-13T02:00:51</date>
  <millis>1563001251645</millis>
  <sequence>238</sequence>
  <level>END</level>
  <class>com.kms.katalon.core.logging.XmlKeywordLogger</class>
  <method>endKeyword</method>
  <thread>1</thread>
  <message>End action : closeBrowser()</message>
  <nestedLevel>1</nestedLevel>
</record>
<record>
  <date>2019-07-13T02:00:51</date>
  <millis>1563001251645</millis>
  <sequence>239</sequence>
  <level>PASSED</level>
  <class>com.kms.katalon.core.logging.XmlKeywordLogger</class>
  <method>logMessage</method>
  <thread>1</thread>
  <message>Test Cases/SET_UP_BROWSER/close_browser</message>
  <nestedLevel>1</nestedLevel>
</record>
<record>
  <date>2019-07-13T02:00:51</date>
  <millis>1563001251646</millis>
  <sequence>240</sequence>
  <level>END</level>
  <class>com.kms.katalon.core.logging.XmlKeywordLogger</class>
  <method>endTest</method>
  <thread>1</thread>
  <message>End Test Case : Test Cases/SET_UP_BROWSER/close_browser</message>
  <nestedLevel>0</nestedLevel>
</record>
<record>
  <date>2019-07-13T02:00:51</date>
  <millis>1563001251646</millis>
  <sequence>241</sequence>
  <level>START</level>
  <class>com.kms.katalon.core.logging.XmlKeywordLogger</class>
  <method>startKeyword</method>
  <thread>1</thread>
  <message>Start listener action : exportKatalonReports</message>
  <nestedLevel>0</nestedLevel>
</record>
<record>
  <date>2019-07-13T02:00:51</date>
  <millis>1563001251975</millis>
  <sequence>449</sequence>
  <level>INFO</level>
  <class>com.kms.katalon.core.logging.XmlKeywordLogger</class>
  <method>logMessage</method>
  <thread>1</thread>
  <message>Start generating HTML report folder at: C:\\Users\\QualtopGroup\\Katalon Studio\\QSSAT_Web_Liverpool\\Reports\\PRODUCTS\\SendOpinionProduct\\20190713_020004...</message>
  <nestedLevel>0</nestedLevel>
</record>
<record>
  <date>2019-07-13T02:00:52</date>
  <millis>1563001252365</millis>
  <sequence>450</sequence>
  <level>INFO</level>
  <class>com.kms.katalon.core.logging.XmlKeywordLogger</class>
  <method>logMessage</method>
  <thread>1</thread>
  <message>HTML report generated</message>
  <nestedLevel>0</nestedLevel>
</record>
<record>
  <date>2019-07-13T02:00:52</date>
  <millis>1563001252366</millis>
  <sequence>451</sequence>
  <level>INFO</level>
  <class>com.kms.katalon.core.logging.XmlKeywordLogger</class>
  <method>logMessage</method>
  <thread>1</thread>
  <message>Start generating CSV report folder at: C:\\Users\\QualtopGroup\\Katalon Studio\\QSSAT_Web_Liverpool\\Reports\\PRODUCTS\\SendOpinionProduct\\20190713_020004...</message>
  <nestedLevel>0</nestedLevel>
</record>
<record>
  <date>2019-07-13T02:00:52</date>
  <millis>1563001252422</millis>
  <sequence>452</sequence>
  <level>INFO</level>
  <class>com.kms.katalon.core.logging.XmlKeywordLogger</class>
  <method>logMessage</method>
  <thread>1</thread>
  <message>CSV report generated</message>
  <nestedLevel>0</nestedLevel>
</record>
<record>
  <date>2019-07-13T02:00:52</date>
  <millis>1563001252424</millis>
  <sequence>453</sequence>
  <level>INFO</level>
  <class>com.kms.katalon.core.logging.XmlKeywordLogger</class>
  <method>logMessage</method>
  <thread>1</thread>
  <message>Start generating JUnit report folder at: C:\\Users\\QualtopGroup\\Katalon Studio\\QSSAT_Web_Liverpool\\Reports\\PRODUCTS\\SendOpinionProduct\\20190713_020004...</message>
  <nestedLevel>0</nestedLevel>
</record>
<record>
  <date>2019-07-13T02:00:52</date>
  <millis>1563001252684</millis>
  <sequence>454</sequence>
  <level>INFO</level>
  <class>com.kms.katalon.core.logging.XmlKeywordLogger</class>
  <method>logMessage</method>
  <thread>1</thread>
  <message>JUnit report generated</message>
  <nestedLevel>0</nestedLevel>
</record>
<record>
  <date>2019-07-13T02:00:52</date>
  <millis>1563001252686</millis>
  <sequence>456</sequence>
  <level>END</level>
  <class>com.kms.katalon.core.logging.XmlKeywordLogger</class>
  <method>endKeyword</method>
  <thread>1</thread>
  <message>End listener action : exportKatalonReports</message>
  <nestedLevel>0</nestedLevel>
</record>
<record>
  <date>2019-07-13T02:00:52</date>
  <millis>1563001252765</millis>
  <sequence>457</sequence>
  <level>END</level>
  <class>com.kms.katalon.core.logging.XmlKeywordLogger</class>
  <method>endSuite</method>
  <thread>1</thread>
  <message>End Test Suite : Test Suites/PRODUCTS/SendOpinionProduct</message>
  <nestedLevel>0</nestedLevel>
</record>
</log>